

Started GET "/" for 127.0.0.1 at 2016-03-10 13:37:12 -0500
Processing by Rails::WelcomeController#index as HTML
  Rendered /home/mojir/.rbenv/versions/2.2.0/lib/ruby/gems/2.2.0/gems/railties-4.2.5.1/lib/rails/templates/rails/welcome/index.html.erb (3.0ms)
Completed 200 OK in 23ms (Views: 15.2ms | ActiveRecord: 0.0ms)
  [1m[36m (8.9ms)[0m  [1mCREATE TABLE "schema_migrations" ("version" varchar NOT NULL) [0m
  [1m[35m (0.5ms)[0m  select sqlite_version(*)
  [1m[36m (5.3ms)[0m  [1mCREATE UNIQUE INDEX "unique_schema_migrations" ON "schema_migrations" ("version")[0m
  [1m[35mActiveRecord::SchemaMigration Load (0.1ms)[0m  SELECT "schema_migrations".* FROM "schema_migrations"
Migrating to CreateInstructors (20160311021639)
  [1m[36m (0.1ms)[0m  [1mbegin transaction[0m
  [1m[35m (0.4ms)[0m  CREATE TABLE "instructors" ("id" INTEGER PRIMARY KEY AUTOINCREMENT NOT NULL, "first" varchar, "middle" varchar, "last" varchar, "email" varchar, "comment" text, "created_at" datetime NOT NULL, "updated_at" datetime NOT NULL) 
  [1m[36mSQL (0.2ms)[0m  [1mINSERT INTO "schema_migrations" ("version") VALUES (?)[0m  [["version", "20160311021639"]]
  [1m[35m (11.7ms)[0m  commit transaction
Migrating to CreateCourses (20160311022547)
  [1m[36m (0.1ms)[0m  [1mbegin transaction[0m
  [1m[35m (0.6ms)[0m  CREATE TABLE "courses" ("id" INTEGER PRIMARY KEY AUTOINCREMENT NOT NULL, "name" varchar, "description" text, "code" varchar, "credits" float, "continuity_id" varchar, "independent_study" boolean, "created_at" datetime NOT NULL, "updated_at" datetime NOT NULL) 
  [1m[36mSQL (0.1ms)[0m  [1mINSERT INTO "schema_migrations" ("version") VALUES (?)[0m  [["version", "20160311022547"]]
  [1m[35m (8.0ms)[0m  commit transaction
Migrating to CreateSubjects (20160311022735)
  [1m[36m (0.1ms)[0m  [1mbegin transaction[0m
  [1m[35m (0.3ms)[0m  CREATE TABLE "subjects" ("id" INTEGER PRIMARY KEY AUTOINCREMENT NOT NULL, "name" varchar, "abbreviation" varchar, "comment" text, "created_at" datetime NOT NULL, "updated_at" datetime NOT NULL) 
  [1m[36mSQL (0.1ms)[0m  [1mINSERT INTO "schema_migrations" ("version") VALUES (?)[0m  [["version", "20160311022735"]]
  [1m[35m (8.7ms)[0m  commit transaction
  [1m[36mActiveRecord::SchemaMigration Load (0.1ms)[0m  [1mSELECT "schema_migrations".* FROM "schema_migrations"[0m


Started GET "/" for 127.0.0.1 at 2016-03-10 21:35:38 -0500
  [1m[36mActiveRecord::SchemaMigration Load (0.3ms)[0m  [1mSELECT "schema_migrations".* FROM "schema_migrations"[0m
Processing by WelcomeController#index as HTML
  Rendered welcome/index.html.erb within layouts/application (1.0ms)
Completed 200 OK in 2619ms (Views: 2610.4ms | ActiveRecord: 0.0ms)


Started GET "/assets/courses.self-e3b0c44298fc1c149afbf4c8996fb92427ae41e4649b934ca495991b7852b855.css?body=1" for 127.0.0.1 at 2016-03-10 21:35:41 -0500


Started GET "/assets/instructors.self-e3b0c44298fc1c149afbf4c8996fb92427ae41e4649b934ca495991b7852b855.css?body=1" for 127.0.0.1 at 2016-03-10 21:35:41 -0500


Started GET "/assets/instructors.self-877aef30ae1b040ab8a3aba4e3e309a11d7f2612f44dde450b5c157aa5f95c05.js?body=1" for 127.0.0.1 at 2016-03-10 21:35:41 -0500


Started GET "/assets/subjects.self-877aef30ae1b040ab8a3aba4e3e309a11d7f2612f44dde450b5c157aa5f95c05.js?body=1" for 127.0.0.1 at 2016-03-10 21:35:41 -0500


Started GET "/assets/courses.self-877aef30ae1b040ab8a3aba4e3e309a11d7f2612f44dde450b5c157aa5f95c05.js?body=1" for 127.0.0.1 at 2016-03-10 21:35:41 -0500


Started GET "/assets/subjects.self-e3b0c44298fc1c149afbf4c8996fb92427ae41e4649b934ca495991b7852b855.css?body=1" for 127.0.0.1 at 2016-03-10 21:35:41 -0500


Started GET "/assets/scaffolds.self-a023b2906290fd18328c79a043cacd13abc22b08f90ccf6ca5e43d8237abaee1.css?body=1" for 127.0.0.1 at 2016-03-10 21:35:41 -0500
  [1m[36mActiveRecord::SchemaMigration Load (0.1ms)[0m  [1mSELECT "schema_migrations".* FROM "schema_migrations"[0m
Migrating to DeviseCreateUsers (20160311024928)
  [1m[35m (0.1ms)[0m  begin transaction
DEPRECATION WARNING: `#timestamps` was called without specifying an option for `null`. In Rails 5, this behavior will change to `null: false`. You should manually specify `null: true` to prevent the behavior of your existing migrations from changing. (called from block in change at /home/mojir/Dropbox/cosi166b_mojirsamimi/CourseCatalog/db/migrate/20160311024928_devise_create_users.rb:36)
  [1m[36m (0.5ms)[0m  [1mCREATE TABLE "users" ("id" INTEGER PRIMARY KEY AUTOINCREMENT NOT NULL, "firstname" varchar, "lastname" varchar, "email" varchar DEFAULT '' NOT NULL, "encrypted_password" varchar DEFAULT '' NOT NULL, "reset_password_token" varchar, "reset_password_sent_at" datetime, "remember_created_at" datetime, "sign_in_count" integer DEFAULT 0 NOT NULL, "current_sign_in_at" datetime, "last_sign_in_at" datetime, "current_sign_in_ip" varchar, "last_sign_in_ip" varchar, "created_at" datetime, "updated_at" datetime) [0m
  [1m[35m (0.1ms)[0m  select sqlite_version(*)
  [1m[36m (0.3ms)[0m  [1mCREATE UNIQUE INDEX "index_users_on_email" ON "users" ("email")[0m
  [1m[35m (0.1ms)[0m              SELECT sql
            FROM sqlite_master
            WHERE name='index_users_on_email' AND type='index'
            UNION ALL
            SELECT sql
            FROM sqlite_temp_master
            WHERE name='index_users_on_email' AND type='index'

  [1m[36m (0.2ms)[0m  [1mCREATE UNIQUE INDEX "index_users_on_reset_password_token" ON "users" ("reset_password_token")[0m
  [1m[35mSQL (0.2ms)[0m  INSERT INTO "schema_migrations" ("version") VALUES (?)  [["version", "20160311024928"]]
  [1m[36m (11.5ms)[0m  [1mcommit transaction[0m
  [1m[35mActiveRecord::SchemaMigration Load (0.1ms)[0m  SELECT "schema_migrations".* FROM "schema_migrations"
  [1m[36m (0.1ms)[0m  [1m            SELECT sql
            FROM sqlite_master
            WHERE name='index_users_on_reset_password_token' AND type='index'
            UNION ALL
            SELECT sql
            FROM sqlite_temp_master
            WHERE name='index_users_on_reset_password_token' AND type='index'
[0m
  [1m[35m (0.1ms)[0m              SELECT sql
            FROM sqlite_master
            WHERE name='index_users_on_email' AND type='index'
            UNION ALL
            SELECT sql
            FROM sqlite_temp_master
            WHERE name='index_users_on_email' AND type='index'



Started GET "/" for 127.0.0.1 at 2016-03-10 22:08:24 -0500
  [1m[36mActiveRecord::SchemaMigration Load (0.2ms)[0m  [1mSELECT "schema_migrations".* FROM "schema_migrations"[0m

SyntaxError (/home/mojir/Dropbox/cosi166b_mojirsamimi/CourseCatalog/app/controllers/application_controller.rb:11: syntax error, unexpected ',', expecting keyword_end
  devise_parameter_sanitizer.for(:sign_up) << :firstname,:lastname
                                                         ^
/home/mojir/Dropbox/cosi166b_mojirsamimi/CourseCatalog/app/controllers/application_controller.rb:12: syntax error, unexpected ',', expecting keyword_end
...:account_update) << :firstname,:lastname
...                               ^):
  app/controllers/application_controller.rb:11: syntax error, unexpected ',', expecting keyword_end
  app/controllers/application_controller.rb:12: syntax error, unexpected ',', expecting keyword_end
  app/controllers/welcome_controller.rb:1:in `<top (required)>'


  Rendered /home/mojir/.rbenv/versions/2.2.0/lib/ruby/gems/2.2.0/gems/actionpack-4.2.5.1/lib/action_dispatch/middleware/templates/rescues/_source.erb (9.2ms)
  Rendered /home/mojir/.rbenv/versions/2.2.0/lib/ruby/gems/2.2.0/gems/actionpack-4.2.5.1/lib/action_dispatch/middleware/templates/rescues/_trace.html.erb (5.1ms)
  Rendered /home/mojir/.rbenv/versions/2.2.0/lib/ruby/gems/2.2.0/gems/actionpack-4.2.5.1/lib/action_dispatch/middleware/templates/rescues/_request_and_response.html.erb (11.6ms)
  Rendered /home/mojir/.rbenv/versions/2.2.0/lib/ruby/gems/2.2.0/gems/actionpack-4.2.5.1/lib/action_dispatch/middleware/templates/rescues/diagnostics.html.erb within rescues/layout (67.7ms)
  Rendered /home/mojir/.rbenv/versions/2.2.0/lib/ruby/gems/2.2.0/gems/web-console-2.3.0/lib/web_console/templates/_markup.html.erb (1.3ms)
  Rendered /home/mojir/.rbenv/versions/2.2.0/lib/ruby/gems/2.2.0/gems/web-console-2.3.0/lib/web_console/templates/_inner_console_markup.html.erb within layouts/inlined_string (0.7ms)
  Rendered /home/mojir/.rbenv/versions/2.2.0/lib/ruby/gems/2.2.0/gems/web-console-2.3.0/lib/web_console/templates/_prompt_box_markup.html.erb within layouts/inlined_string (0.4ms)
  Rendered /home/mojir/.rbenv/versions/2.2.0/lib/ruby/gems/2.2.0/gems/web-console-2.3.0/lib/web_console/templates/style.css.erb within layouts/inlined_string (0.5ms)
  Rendered /home/mojir/.rbenv/versions/2.2.0/lib/ruby/gems/2.2.0/gems/web-console-2.3.0/lib/web_console/templates/console.js.erb within layouts/javascript (126.4ms)
  Rendered /home/mojir/.rbenv/versions/2.2.0/lib/ruby/gems/2.2.0/gems/web-console-2.3.0/lib/web_console/templates/main.js.erb within layouts/javascript (0.6ms)
  Rendered /home/mojir/.rbenv/versions/2.2.0/lib/ruby/gems/2.2.0/gems/web-console-2.3.0/lib/web_console/templates/error_page.js.erb within layouts/javascript (0.5ms)
  Rendered /home/mojir/.rbenv/versions/2.2.0/lib/ruby/gems/2.2.0/gems/web-console-2.3.0/lib/web_console/templates/index.html.erb (182.9ms)


Started GET "/" for 127.0.0.1 at 2016-03-10 22:09:38 -0500
Processing by WelcomeController#index as HTML
Completed 401 Unauthorized in 13ms (ActiveRecord: 0.0ms)


Started GET "/users/sign_in" for 127.0.0.1 at 2016-03-10 22:09:38 -0500
Processing by Devise::SessionsController#new as HTML
  Rendered devise/shared/_links.html.erb (12.6ms)
  Rendered devise/sessions/new.html.erb within layouts/application (80.7ms)
Completed 200 OK in 5927ms (Views: 5901.9ms | ActiveRecord: 0.7ms)


Started POST "/users/sign_in" for 127.0.0.1 at 2016-03-10 22:09:49 -0500
Processing by Devise::SessionsController#create as HTML
  Parameters: {"utf8"=>"✓", "authenticity_token"=>"0/cqR6bGVLPqIkOOQgm3VRYdUoaGyuRAJ7vyg/b8pNzzR7p+hx+rOIOB+12KxuU23oZDJlCYkmTXoJ18Vudo1g==", "user"=>{"email"=>"mojirsamimi@brandeis.edu", "password"=>"[FILTERED]", "remember_me"=>"0"}, "commit"=>"Log in"}
  [1m[35mUser Load (0.4ms)[0m  SELECT  "users".* FROM "users" WHERE "users"."email" = ?  ORDER BY "users"."id" ASC LIMIT 1  [["email", "mojirsamimi@brandeis.edu"]]
Completed 401 Unauthorized in 222ms (ActiveRecord: 0.4ms)
Processing by Devise::SessionsController#new as HTML
  Parameters: {"utf8"=>"✓", "authenticity_token"=>"0/cqR6bGVLPqIkOOQgm3VRYdUoaGyuRAJ7vyg/b8pNzzR7p+hx+rOIOB+12KxuU23oZDJlCYkmTXoJ18Vudo1g==", "user"=>{"email"=>"mojirsamimi@brandeis.edu", "password"=>"[FILTERED]", "remember_me"=>"0"}, "commit"=>"Log in"}
  Rendered devise/shared/_links.html.erb (5.2ms)
  Rendered devise/sessions/new.html.erb within layouts/application (12.9ms)
Completed 200 OK in 140ms (Views: 61.3ms | ActiveRecord: 0.0ms)


Started GET "/users/sign_up" for 127.0.0.1 at 2016-03-10 22:09:53 -0500
Processing by Devise::RegistrationsController#new as HTML
  Rendered devise/shared/_links.html.erb (4.6ms)
  Rendered devise/registrations/new.html.erb within layouts/application (15.1ms)
Completed 200 OK in 74ms (Views: 72.7ms | ActiveRecord: 0.0ms)


Started POST "/users" for 127.0.0.1 at 2016-03-10 22:10:09 -0500
Processing by Devise::RegistrationsController#create as HTML
  Parameters: {"utf8"=>"✓", "authenticity_token"=>"13n+5zEzHn6jESUcOQovbfaoNsvPjYu77/XQw5ATpaT3yW7eEOrh9cqync/xxX0OPjMnaxnf/Z8f7r88MAhprg==", "user"=>{"firstname"=>"Mojir", "lastname"=>"Samimi", "email"=>"mojirsamimi@brandeis.edu", "password"=>"[FILTERED]", "password_confirmation"=>"[FILTERED]"}, "commit"=>"Sign up"}
  [1m[36m (0.3ms)[0m  [1mbegin transaction[0m
  [1m[35mUser Exists (0.2ms)[0m  SELECT  1 AS one FROM "users" WHERE "users"."email" = 'mojirsamimi@brandeis.edu' LIMIT 1
  [1m[36mSQL (0.4ms)[0m  [1mINSERT INTO "users" ("email", "encrypted_password", "firstname", "lastname", "created_at", "updated_at") VALUES (?, ?, ?, ?, ?, ?)[0m  [["email", "mojirsamimi@brandeis.edu"], ["encrypted_password", "$2a$10$7wI8AKaNB3L.HykgF0EzhekYDwrvjlI6745yrXgAYtXbTu4yTheUS"], ["firstname", "Mojir"], ["lastname", "Samimi"], ["created_at", "2016-03-11 03:10:09.329240"], ["updated_at", "2016-03-11 03:10:09.329240"]]
  [1m[35m (360.5ms)[0m  commit transaction
  [1m[36m (0.1ms)[0m  [1mbegin transaction[0m
  [1m[35mSQL (0.3ms)[0m  UPDATE "users" SET "last_sign_in_at" = ?, "current_sign_in_at" = ?, "last_sign_in_ip" = ?, "current_sign_in_ip" = ?, "sign_in_count" = ?, "updated_at" = ? WHERE "users"."id" = ?  [["last_sign_in_at", "2016-03-11 03:10:09.693672"], ["current_sign_in_at", "2016-03-11 03:10:09.693672"], ["last_sign_in_ip", "127.0.0.1"], ["current_sign_in_ip", "127.0.0.1"], ["sign_in_count", 1], ["updated_at", "2016-03-11 03:10:09.694534"], ["id", 1]]
  [1m[36m (164.2ms)[0m  [1mcommit transaction[0m
Redirected to http://localhost:3000/
Completed 302 Found in 647ms (ActiveRecord: 526.1ms)


Started GET "/" for 127.0.0.1 at 2016-03-10 22:10:09 -0500
Processing by WelcomeController#index as HTML
  [1m[35mUser Load (0.3ms)[0m  SELECT  "users".* FROM "users" WHERE "users"."id" = ?  ORDER BY "users"."id" ASC LIMIT 1  [["id", 1]]
  Rendered welcome/index.html.erb within layouts/application (0.5ms)
Completed 500 Internal Server Error in 62ms (ActiveRecord: 0.3ms)

ActionView::Template::Error (undefined method `name' for #<User:0x007f9bc418c6f0>):
    20:         <% if user_signed_in? %>
    21:           <li class="dropdown">
    22:             <a class="dropdown-toggle" data-toggle="dropdown" href="#">
    23:               <%= current_user.name %>
    24:               <span class="caret"></span>
    25:             </a>
    26:             <ul class="dropdown-menu" role="menu">
  app/views/layouts/application.html.erb:23:in `_app_views_layouts_application_html_erb__4603133804870414940_46962999165600'


  Rendered /home/mojir/.rbenv/versions/2.2.0/lib/ruby/gems/2.2.0/gems/actionpack-4.2.5.1/lib/action_dispatch/middleware/templates/rescues/_source.erb (6.5ms)
  Rendered /home/mojir/.rbenv/versions/2.2.0/lib/ruby/gems/2.2.0/gems/actionpack-4.2.5.1/lib/action_dispatch/middleware/templates/rescues/_trace.html.erb (5.8ms)
  Rendered /home/mojir/.rbenv/versions/2.2.0/lib/ruby/gems/2.2.0/gems/actionpack-4.2.5.1/lib/action_dispatch/middleware/templates/rescues/_request_and_response.html.erb (1.6ms)
  Rendered /home/mojir/.rbenv/versions/2.2.0/lib/ruby/gems/2.2.0/gems/actionpack-4.2.5.1/lib/action_dispatch/middleware/templates/rescues/template_error.html.erb within rescues/layout (31.9ms)
  Rendered /home/mojir/.rbenv/versions/2.2.0/lib/ruby/gems/2.2.0/gems/web-console-2.3.0/lib/web_console/templates/_markup.html.erb (0.5ms)
  Rendered /home/mojir/.rbenv/versions/2.2.0/lib/ruby/gems/2.2.0/gems/web-console-2.3.0/lib/web_console/templates/_inner_console_markup.html.erb within layouts/inlined_string (0.5ms)
  Rendered /home/mojir/.rbenv/versions/2.2.0/lib/ruby/gems/2.2.0/gems/web-console-2.3.0/lib/web_console/templates/_prompt_box_markup.html.erb within layouts/inlined_string (0.4ms)
  Rendered /home/mojir/.rbenv/versions/2.2.0/lib/ruby/gems/2.2.0/gems/web-console-2.3.0/lib/web_console/templates/style.css.erb within layouts/inlined_string (0.5ms)
  Rendered /home/mojir/.rbenv/versions/2.2.0/lib/ruby/gems/2.2.0/gems/web-console-2.3.0/lib/web_console/templates/console.js.erb within layouts/javascript (18.8ms)
  Rendered /home/mojir/.rbenv/versions/2.2.0/lib/ruby/gems/2.2.0/gems/web-console-2.3.0/lib/web_console/templates/main.js.erb within layouts/javascript (0.5ms)
  Rendered /home/mojir/.rbenv/versions/2.2.0/lib/ruby/gems/2.2.0/gems/web-console-2.3.0/lib/web_console/templates/error_page.js.erb within layouts/javascript (1.6ms)
  Rendered /home/mojir/.rbenv/versions/2.2.0/lib/ruby/gems/2.2.0/gems/web-console-2.3.0/lib/web_console/templates/index.html.erb (40.2ms)


Started GET "/" for 127.0.0.1 at 2016-03-10 22:10:57 -0500
Processing by WelcomeController#index as HTML
  [1m[36mUser Load (0.1ms)[0m  [1mSELECT  "users".* FROM "users" WHERE "users"."id" = ?  ORDER BY "users"."id" ASC LIMIT 1[0m  [["id", 1]]
  Rendered welcome/index.html.erb within layouts/application (0.1ms)
Completed 200 OK in 61ms (Views: 58.9ms | ActiveRecord: 0.1ms)


Started DELETE "/users/sign_out" for 127.0.0.1 at 2016-03-10 22:11:03 -0500
Processing by Devise::SessionsController#destroy as HTML
  Parameters: {"authenticity_token"=>"AH4Hv6bjx0OgvNcf3vfyp03nfxXe4ZF/gqj6gCFzPvAgzpeGhzo4yMkfb8wWOKDEhXxutQiz51tys5V/gWjy+g=="}
  [1m[35mUser Load (0.2ms)[0m  SELECT  "users".* FROM "users" WHERE "users"."id" = ?  ORDER BY "users"."id" ASC LIMIT 1  [["id", 1]]
  [1m[36m (0.1ms)[0m  [1mbegin transaction[0m
  [1m[35m (0.1ms)[0m  commit transaction
Redirected to http://localhost:3000/
Completed 302 Found in 69ms (ActiveRecord: 0.4ms)


Started GET "/" for 127.0.0.1 at 2016-03-10 22:11:03 -0500
Processing by WelcomeController#index as HTML
Completed 401 Unauthorized in 1ms (ActiveRecord: 0.0ms)


Started GET "/users/sign_in" for 127.0.0.1 at 2016-03-10 22:11:03 -0500
Processing by Devise::SessionsController#new as HTML
  Rendered devise/shared/_links.html.erb (5.3ms)
  Rendered devise/sessions/new.html.erb within layouts/application (12.3ms)
Completed 200 OK in 73ms (Views: 70.9ms | ActiveRecord: 0.0ms)


Started GET "/" for 127.0.0.1 at 2016-03-10 22:11:11 -0500
Processing by WelcomeController#index as HTML
Completed 401 Unauthorized in 1ms (ActiveRecord: 0.0ms)


Started GET "/users/sign_in" for 127.0.0.1 at 2016-03-10 22:11:11 -0500
Processing by Devise::SessionsController#new as HTML
  Rendered devise/shared/_links.html.erb (8.5ms)
  Rendered devise/sessions/new.html.erb within layouts/application (15.9ms)
Completed 200 OK in 87ms (Views: 84.4ms | ActiveRecord: 0.0ms)


Started GET "/" for 127.0.0.1 at 2016-03-11 06:55:41 -0500
  [1m[36mActiveRecord::SchemaMigration Load (0.2ms)[0m  [1mSELECT "schema_migrations".* FROM "schema_migrations"[0m
Processing by HomeController#index as HTML
Completed 401 Unauthorized in 19ms (ActiveRecord: 0.0ms)


Started GET "/users/sign_in" for 127.0.0.1 at 2016-03-11 06:55:41 -0500
Processing by Devise::SessionsController#new as HTML
  Rendered devise/shared/_links.html.erb (11.6ms)
  Rendered devise/sessions/new.html.erb within layouts/application (44.3ms)
Completed 200 OK in 3126ms (Views: 3106.5ms | ActiveRecord: 0.5ms)


Started GET "/assets/home.self-e3b0c44298fc1c149afbf4c8996fb92427ae41e4649b934ca495991b7852b855.css?body=1" for 127.0.0.1 at 2016-03-11 06:55:45 -0500


Started GET "/assets/home.self-877aef30ae1b040ab8a3aba4e3e309a11d7f2612f44dde450b5c157aa5f95c05.js?body=1" for 127.0.0.1 at 2016-03-11 06:55:45 -0500


Started POST "/users/sign_in" for 127.0.0.1 at 2016-03-11 06:55:48 -0500
Processing by Devise::SessionsController#create as HTML
  Parameters: {"utf8"=>"✓", "authenticity_token"=>"0kPkOJUfAvhb2xb9sxbryEHAuQdgW2y4o8AxNwsvuUc9dwiIXK5iaPRaLdWsMmjJei1xElEKBZ/HtOKp4rrxrA==", "user"=>{"email"=>"mojirsamimi@brandeis.edu", "password"=>"[FILTERED]", "remember_me"=>"0"}, "commit"=>"Log in"}
  [1m[35mUser Load (0.3ms)[0m  SELECT  "users".* FROM "users" WHERE "users"."email" = ?  ORDER BY "users"."id" ASC LIMIT 1  [["email", "mojirsamimi@brandeis.edu"]]
  [1m[36m (0.1ms)[0m  [1mbegin transaction[0m
  [1m[35mSQL (0.5ms)[0m  UPDATE "users" SET "current_sign_in_at" = ?, "sign_in_count" = ?, "updated_at" = ? WHERE "users"."id" = ?  [["current_sign_in_at", "2016-03-11 11:55:48.309740"], ["sign_in_count", 2], ["updated_at", "2016-03-11 11:55:48.310961"], ["id", 1]]
  [1m[36m (9.2ms)[0m  [1mcommit transaction[0m
Redirected to http://localhost:3000/
Completed 302 Found in 114ms (ActiveRecord: 10.2ms)


Started GET "/" for 127.0.0.1 at 2016-03-11 06:55:48 -0500
Processing by HomeController#index as HTML
  [1m[35mUser Load (0.4ms)[0m  SELECT  "users".* FROM "users" WHERE "users"."id" = ?  ORDER BY "users"."id" ASC LIMIT 1  [["id", 1]]
  Rendered home/index.html.erb within layouts/application (18.5ms)
Completed 500 Internal Server Error in 29ms (ActiveRecord: 0.4ms)

ActionView::Template::Error (undefined local variable or method `resource_name' for #<#<Class:0x007fc0a3e1ce70>:0x007fc0a3e619f8>):
    1: <% header "#{resource_name.to_s.humanize} Profile" %>
    2: 
    3: <%= form_for(resource, as: resource_name, url: registration_path(resource_name), html: { method: :get }) do |f| %>
    4:   <%= devise_error_messages! %>
  app/views/home/index.html.erb:1:in `_app_views_home_index_html_erb___4080861119160857842_70232680104900'


  Rendered /home/mojir/.rbenv/versions/2.2.0/lib/ruby/gems/2.2.0/gems/actionpack-4.2.5.1/lib/action_dispatch/middleware/templates/rescues/_source.erb (7.2ms)
  Rendered /home/mojir/.rbenv/versions/2.2.0/lib/ruby/gems/2.2.0/gems/actionpack-4.2.5.1/lib/action_dispatch/middleware/templates/rescues/_trace.html.erb (3.0ms)
  Rendered /home/mojir/.rbenv/versions/2.2.0/lib/ruby/gems/2.2.0/gems/actionpack-4.2.5.1/lib/action_dispatch/middleware/templates/rescues/_request_and_response.html.erb (1.3ms)
  Rendered /home/mojir/.rbenv/versions/2.2.0/lib/ruby/gems/2.2.0/gems/actionpack-4.2.5.1/lib/action_dispatch/middleware/templates/rescues/template_error.html.erb within rescues/layout (27.8ms)
  Rendered /home/mojir/.rbenv/versions/2.2.0/lib/ruby/gems/2.2.0/gems/web-console-2.3.0/lib/web_console/templates/_markup.html.erb (0.7ms)
  Rendered /home/mojir/.rbenv/versions/2.2.0/lib/ruby/gems/2.2.0/gems/web-console-2.3.0/lib/web_console/templates/_inner_console_markup.html.erb within layouts/inlined_string (0.6ms)
  Rendered /home/mojir/.rbenv/versions/2.2.0/lib/ruby/gems/2.2.0/gems/web-console-2.3.0/lib/web_console/templates/_prompt_box_markup.html.erb within layouts/inlined_string (0.4ms)
  Rendered /home/mojir/.rbenv/versions/2.2.0/lib/ruby/gems/2.2.0/gems/web-console-2.3.0/lib/web_console/templates/style.css.erb within layouts/inlined_string (0.4ms)
  Rendered /home/mojir/.rbenv/versions/2.2.0/lib/ruby/gems/2.2.0/gems/web-console-2.3.0/lib/web_console/templates/console.js.erb within layouts/javascript (20.4ms)
  Rendered /home/mojir/.rbenv/versions/2.2.0/lib/ruby/gems/2.2.0/gems/web-console-2.3.0/lib/web_console/templates/main.js.erb within layouts/javascript (0.5ms)
  Rendered /home/mojir/.rbenv/versions/2.2.0/lib/ruby/gems/2.2.0/gems/web-console-2.3.0/lib/web_console/templates/error_page.js.erb within layouts/javascript (0.5ms)
  Rendered /home/mojir/.rbenv/versions/2.2.0/lib/ruby/gems/2.2.0/gems/web-console-2.3.0/lib/web_console/templates/index.html.erb (40.7ms)


Started GET "/" for 127.0.0.1 at 2016-03-11 06:59:21 -0500
Processing by HomeController#index as HTML
  [1m[36mUser Load (0.1ms)[0m  [1mSELECT  "users".* FROM "users" WHERE "users"."id" = ?  ORDER BY "users"."id" ASC LIMIT 1[0m  [["id", 1]]
  Rendered home/index.html.erb within layouts/application (19.5ms)
Completed 500 Internal Server Error in 24ms (ActiveRecord: 0.1ms)

ActionView::Template::Error (undefined local variable or method `resource' for #<#<Class:0x007fc0a3e1ce70>:0x007fc0a269b120>):
    1: <% header "User Profile" %>
    2: 
    3: 
    4:   <%= devise_error_messages! %>
    5: 
    6:   <div class="form-group">
    7:     <%= current_user.label :firstname %>
  app/views/home/index.html.erb:4:in `_app_views_home_index_html_erb___4080861119160857842_70232667639580'


  Rendered /home/mojir/.rbenv/versions/2.2.0/lib/ruby/gems/2.2.0/gems/actionpack-4.2.5.1/lib/action_dispatch/middleware/templates/rescues/_source.erb (7.1ms)
  Rendered /home/mojir/.rbenv/versions/2.2.0/lib/ruby/gems/2.2.0/gems/actionpack-4.2.5.1/lib/action_dispatch/middleware/templates/rescues/_trace.html.erb (2.7ms)
  Rendered /home/mojir/.rbenv/versions/2.2.0/lib/ruby/gems/2.2.0/gems/actionpack-4.2.5.1/lib/action_dispatch/middleware/templates/rescues/_request_and_response.html.erb (1.0ms)
  Rendered /home/mojir/.rbenv/versions/2.2.0/lib/ruby/gems/2.2.0/gems/actionpack-4.2.5.1/lib/action_dispatch/middleware/templates/rescues/template_error.html.erb within rescues/layout (25.5ms)
  Rendered /home/mojir/.rbenv/versions/2.2.0/lib/ruby/gems/2.2.0/gems/web-console-2.3.0/lib/web_console/templates/_markup.html.erb (0.5ms)
  Rendered /home/mojir/.rbenv/versions/2.2.0/lib/ruby/gems/2.2.0/gems/web-console-2.3.0/lib/web_console/templates/_inner_console_markup.html.erb within layouts/inlined_string (0.4ms)
  Rendered /home/mojir/.rbenv/versions/2.2.0/lib/ruby/gems/2.2.0/gems/web-console-2.3.0/lib/web_console/templates/_prompt_box_markup.html.erb within layouts/inlined_string (0.5ms)
  Rendered /home/mojir/.rbenv/versions/2.2.0/lib/ruby/gems/2.2.0/gems/web-console-2.3.0/lib/web_console/templates/style.css.erb within layouts/inlined_string (0.5ms)
  Rendered /home/mojir/.rbenv/versions/2.2.0/lib/ruby/gems/2.2.0/gems/web-console-2.3.0/lib/web_console/templates/console.js.erb within layouts/javascript (19.7ms)
  Rendered /home/mojir/.rbenv/versions/2.2.0/lib/ruby/gems/2.2.0/gems/web-console-2.3.0/lib/web_console/templates/main.js.erb within layouts/javascript (0.4ms)
  Rendered /home/mojir/.rbenv/versions/2.2.0/lib/ruby/gems/2.2.0/gems/web-console-2.3.0/lib/web_console/templates/error_page.js.erb within layouts/javascript (0.5ms)
  Rendered /home/mojir/.rbenv/versions/2.2.0/lib/ruby/gems/2.2.0/gems/web-console-2.3.0/lib/web_console/templates/index.html.erb (37.7ms)


Started GET "/" for 127.0.0.1 at 2016-03-11 06:59:58 -0500
Processing by HomeController#index as HTML
  [1m[35mUser Load (0.1ms)[0m  SELECT  "users".* FROM "users" WHERE "users"."id" = ?  ORDER BY "users"."id" ASC LIMIT 1  [["id", 1]]
  Rendered home/index.html.erb within layouts/application (14.5ms)
Completed 500 Internal Server Error in 18ms (ActiveRecord: 0.1ms)

ActionView::Template::Error (undefined local variable or method `resource' for #<#<Class:0x007fc0a3e1ce70>:0x007fc0a2661178>):
    1: <% header "User Profile" %>
    2: 
    3: 
    4:   <%= devise_error_messages! %>
    5: 
    6:   <div class="form-group">
    7:     <%= current_user.label :firstname %>
  app/views/home/index.html.erb:4:in `_app_views_home_index_html_erb___4080861119160857842_70232667639580'


  Rendered /home/mojir/.rbenv/versions/2.2.0/lib/ruby/gems/2.2.0/gems/actionpack-4.2.5.1/lib/action_dispatch/middleware/templates/rescues/_source.erb (6.6ms)
  Rendered /home/mojir/.rbenv/versions/2.2.0/lib/ruby/gems/2.2.0/gems/actionpack-4.2.5.1/lib/action_dispatch/middleware/templates/rescues/_trace.html.erb (3.1ms)
  Rendered /home/mojir/.rbenv/versions/2.2.0/lib/ruby/gems/2.2.0/gems/actionpack-4.2.5.1/lib/action_dispatch/middleware/templates/rescues/_request_and_response.html.erb (1.1ms)
  Rendered /home/mojir/.rbenv/versions/2.2.0/lib/ruby/gems/2.2.0/gems/actionpack-4.2.5.1/lib/action_dispatch/middleware/templates/rescues/template_error.html.erb within rescues/layout (25.5ms)
  Rendered /home/mojir/.rbenv/versions/2.2.0/lib/ruby/gems/2.2.0/gems/web-console-2.3.0/lib/web_console/templates/_markup.html.erb (0.5ms)
  Rendered /home/mojir/.rbenv/versions/2.2.0/lib/ruby/gems/2.2.0/gems/web-console-2.3.0/lib/web_console/templates/_inner_console_markup.html.erb within layouts/inlined_string (0.5ms)
  Rendered /home/mojir/.rbenv/versions/2.2.0/lib/ruby/gems/2.2.0/gems/web-console-2.3.0/lib/web_console/templates/_prompt_box_markup.html.erb within layouts/inlined_string (0.5ms)
  Rendered /home/mojir/.rbenv/versions/2.2.0/lib/ruby/gems/2.2.0/gems/web-console-2.3.0/lib/web_console/templates/style.css.erb within layouts/inlined_string (0.4ms)
  Rendered /home/mojir/.rbenv/versions/2.2.0/lib/ruby/gems/2.2.0/gems/web-console-2.3.0/lib/web_console/templates/console.js.erb within layouts/javascript (18.8ms)
  Rendered /home/mojir/.rbenv/versions/2.2.0/lib/ruby/gems/2.2.0/gems/web-console-2.3.0/lib/web_console/templates/main.js.erb within layouts/javascript (0.4ms)
  Rendered /home/mojir/.rbenv/versions/2.2.0/lib/ruby/gems/2.2.0/gems/web-console-2.3.0/lib/web_console/templates/error_page.js.erb within layouts/javascript (0.7ms)
  Rendered /home/mojir/.rbenv/versions/2.2.0/lib/ruby/gems/2.2.0/gems/web-console-2.3.0/lib/web_console/templates/index.html.erb (36.7ms)


Started GET "/" for 127.0.0.1 at 2016-03-11 07:00:02 -0500
Processing by HomeController#index as HTML
  [1m[36mUser Load (0.1ms)[0m  [1mSELECT  "users".* FROM "users" WHERE "users"."id" = ?  ORDER BY "users"."id" ASC LIMIT 1[0m  [["id", 1]]
  Rendered home/index.html.erb within layouts/application (24.2ms)
Completed 500 Internal Server Error in 72ms (ActiveRecord: 0.1ms)

ActionView::Template::Error (undefined local variable or method `resource' for #<#<Class:0x007fc0a3e1ce70>:0x0055ff3acef088>):
    1: <% header "User Profile" %>
    2: 
    3: 
    4:   <%= devise_error_messages! %>
    5: 
    6:   <div class="form-group">
    7:     <%= current_user.label :firstname %>
  app/views/home/index.html.erb:4:in `_app_views_home_index_html_erb___4080861119160857842_70232667639580'


  Rendered /home/mojir/.rbenv/versions/2.2.0/lib/ruby/gems/2.2.0/gems/actionpack-4.2.5.1/lib/action_dispatch/middleware/templates/rescues/_source.erb (8.2ms)
  Rendered /home/mojir/.rbenv/versions/2.2.0/lib/ruby/gems/2.2.0/gems/actionpack-4.2.5.1/lib/action_dispatch/middleware/templates/rescues/_trace.html.erb (3.2ms)
  Rendered /home/mojir/.rbenv/versions/2.2.0/lib/ruby/gems/2.2.0/gems/actionpack-4.2.5.1/lib/action_dispatch/middleware/templates/rescues/_request_and_response.html.erb (1.7ms)
  Rendered /home/mojir/.rbenv/versions/2.2.0/lib/ruby/gems/2.2.0/gems/actionpack-4.2.5.1/lib/action_dispatch/middleware/templates/rescues/template_error.html.erb within rescues/layout (29.5ms)
  Rendered /home/mojir/.rbenv/versions/2.2.0/lib/ruby/gems/2.2.0/gems/web-console-2.3.0/lib/web_console/templates/_markup.html.erb (0.5ms)
  Rendered /home/mojir/.rbenv/versions/2.2.0/lib/ruby/gems/2.2.0/gems/web-console-2.3.0/lib/web_console/templates/_inner_console_markup.html.erb within layouts/inlined_string (0.5ms)
  Rendered /home/mojir/.rbenv/versions/2.2.0/lib/ruby/gems/2.2.0/gems/web-console-2.3.0/lib/web_console/templates/_prompt_box_markup.html.erb within layouts/inlined_string (0.4ms)
  Rendered /home/mojir/.rbenv/versions/2.2.0/lib/ruby/gems/2.2.0/gems/web-console-2.3.0/lib/web_console/templates/style.css.erb within layouts/inlined_string (0.5ms)
  Rendered /home/mojir/.rbenv/versions/2.2.0/lib/ruby/gems/2.2.0/gems/web-console-2.3.0/lib/web_console/templates/console.js.erb within layouts/javascript (20.2ms)
  Rendered /home/mojir/.rbenv/versions/2.2.0/lib/ruby/gems/2.2.0/gems/web-console-2.3.0/lib/web_console/templates/main.js.erb within layouts/javascript (0.4ms)
  Rendered /home/mojir/.rbenv/versions/2.2.0/lib/ruby/gems/2.2.0/gems/web-console-2.3.0/lib/web_console/templates/error_page.js.erb within layouts/javascript (0.5ms)
  Rendered /home/mojir/.rbenv/versions/2.2.0/lib/ruby/gems/2.2.0/gems/web-console-2.3.0/lib/web_console/templates/index.html.erb (40.4ms)


Started GET "/users/sign_in" for 127.0.0.1 at 2016-03-11 07:00:16 -0500
Processing by Devise::SessionsController#new as HTML
  [1m[35mUser Load (0.1ms)[0m  SELECT  "users".* FROM "users" WHERE "users"."id" = ?  ORDER BY "users"."id" ASC LIMIT 1  [["id", 1]]
Redirected to http://localhost:3000/
Filter chain halted as :require_no_authentication rendered or redirected
Completed 302 Found in 2ms (ActiveRecord: 0.1ms)


Started GET "/" for 127.0.0.1 at 2016-03-11 07:00:17 -0500
Processing by HomeController#index as HTML
  [1m[36mUser Load (0.1ms)[0m  [1mSELECT  "users".* FROM "users" WHERE "users"."id" = ?  ORDER BY "users"."id" ASC LIMIT 1[0m  [["id", 1]]
  Rendered home/index.html.erb within layouts/application (18.6ms)
Completed 500 Internal Server Error in 23ms (ActiveRecord: 0.1ms)

ActionView::Template::Error (undefined local variable or method `resource' for #<#<Class:0x007fc0a3e1ce70>:0x0055ff3aba6988>):
    1: <% header "User Profile" %>
    2: 
    3: 
    4:   <%= devise_error_messages! %>
    5: 
    6:   <div class="form-group">
    7:     <%= current_user.label :firstname %>
  app/views/home/index.html.erb:4:in `_app_views_home_index_html_erb___4080861119160857842_70232667639580'


  Rendered /home/mojir/.rbenv/versions/2.2.0/lib/ruby/gems/2.2.0/gems/actionpack-4.2.5.1/lib/action_dispatch/middleware/templates/rescues/_source.erb (8.3ms)
  Rendered /home/mojir/.rbenv/versions/2.2.0/lib/ruby/gems/2.2.0/gems/actionpack-4.2.5.1/lib/action_dispatch/middleware/templates/rescues/_trace.html.erb (3.8ms)
  Rendered /home/mojir/.rbenv/versions/2.2.0/lib/ruby/gems/2.2.0/gems/actionpack-4.2.5.1/lib/action_dispatch/middleware/templates/rescues/_request_and_response.html.erb (1.2ms)
  Rendered /home/mojir/.rbenv/versions/2.2.0/lib/ruby/gems/2.2.0/gems/actionpack-4.2.5.1/lib/action_dispatch/middleware/templates/rescues/template_error.html.erb within rescues/layout (29.3ms)
  Rendered /home/mojir/.rbenv/versions/2.2.0/lib/ruby/gems/2.2.0/gems/web-console-2.3.0/lib/web_console/templates/_markup.html.erb (0.8ms)
  Rendered /home/mojir/.rbenv/versions/2.2.0/lib/ruby/gems/2.2.0/gems/web-console-2.3.0/lib/web_console/templates/_inner_console_markup.html.erb within layouts/inlined_string (0.4ms)
  Rendered /home/mojir/.rbenv/versions/2.2.0/lib/ruby/gems/2.2.0/gems/web-console-2.3.0/lib/web_console/templates/_prompt_box_markup.html.erb within layouts/inlined_string (0.4ms)
  Rendered /home/mojir/.rbenv/versions/2.2.0/lib/ruby/gems/2.2.0/gems/web-console-2.3.0/lib/web_console/templates/style.css.erb within layouts/inlined_string (0.5ms)
  Rendered /home/mojir/.rbenv/versions/2.2.0/lib/ruby/gems/2.2.0/gems/web-console-2.3.0/lib/web_console/templates/console.js.erb within layouts/javascript (20.4ms)
  Rendered /home/mojir/.rbenv/versions/2.2.0/lib/ruby/gems/2.2.0/gems/web-console-2.3.0/lib/web_console/templates/main.js.erb within layouts/javascript (0.9ms)
  Rendered /home/mojir/.rbenv/versions/2.2.0/lib/ruby/gems/2.2.0/gems/web-console-2.3.0/lib/web_console/templates/error_page.js.erb within layouts/javascript (0.5ms)
  Rendered /home/mojir/.rbenv/versions/2.2.0/lib/ruby/gems/2.2.0/gems/web-console-2.3.0/lib/web_console/templates/index.html.erb (41.4ms)


Started GET "/users" for 127.0.0.1 at 2016-03-11 07:00:28 -0500

ActionController::RoutingError (No route matches [GET] "/users"):
  actionpack (4.2.5.1) lib/action_dispatch/middleware/debug_exceptions.rb:21:in `call'
  web-console (2.3.0) lib/web_console/middleware.rb:28:in `block in call'
  web-console (2.3.0) lib/web_console/middleware.rb:18:in `catch'
  web-console (2.3.0) lib/web_console/middleware.rb:18:in `call'
  actionpack (4.2.5.1) lib/action_dispatch/middleware/show_exceptions.rb:30:in `call'
  railties (4.2.5.1) lib/rails/rack/logger.rb:38:in `call_app'
  railties (4.2.5.1) lib/rails/rack/logger.rb:20:in `block in call'
  activesupport (4.2.5.1) lib/active_support/tagged_logging.rb:68:in `block in tagged'
  activesupport (4.2.5.1) lib/active_support/tagged_logging.rb:26:in `tagged'
  activesupport (4.2.5.1) lib/active_support/tagged_logging.rb:68:in `tagged'
  railties (4.2.5.1) lib/rails/rack/logger.rb:20:in `call'
  actionpack (4.2.5.1) lib/action_dispatch/middleware/request_id.rb:21:in `call'
  rack (1.6.4) lib/rack/methodoverride.rb:22:in `call'
  rack (1.6.4) lib/rack/runtime.rb:18:in `call'
  activesupport (4.2.5.1) lib/active_support/cache/strategy/local_cache_middleware.rb:28:in `call'
  rack (1.6.4) lib/rack/lock.rb:17:in `call'
  actionpack (4.2.5.1) lib/action_dispatch/middleware/static.rb:116:in `call'
  rack (1.6.4) lib/rack/sendfile.rb:113:in `call'
  railties (4.2.5.1) lib/rails/engine.rb:518:in `call'
  railties (4.2.5.1) lib/rails/application.rb:165:in `call'
  rack (1.6.4) lib/rack/lock.rb:17:in `call'
  rack (1.6.4) lib/rack/content_length.rb:15:in `call'
  rack (1.6.4) lib/rack/handler/webrick.rb:88:in `service'
  /home/mojir/.rbenv/versions/2.2.0/lib/ruby/2.2.0/webrick/httpserver.rb:138:in `service'
  /home/mojir/.rbenv/versions/2.2.0/lib/ruby/2.2.0/webrick/httpserver.rb:94:in `run'
  /home/mojir/.rbenv/versions/2.2.0/lib/ruby/2.2.0/webrick/server.rb:294:in `block in start_thread'


  Rendered /home/mojir/.rbenv/versions/2.2.0/lib/ruby/gems/2.2.0/gems/actionpack-4.2.5.1/lib/action_dispatch/middleware/templates/rescues/_trace.html.erb (2.1ms)
  Rendered /home/mojir/.rbenv/versions/2.2.0/lib/ruby/gems/2.2.0/gems/actionpack-4.2.5.1/lib/action_dispatch/middleware/templates/routes/_route.html.erb (5.1ms)
  Rendered /home/mojir/.rbenv/versions/2.2.0/lib/ruby/gems/2.2.0/gems/actionpack-4.2.5.1/lib/action_dispatch/middleware/templates/routes/_table.html.erb (20.0ms)
  Rendered /home/mojir/.rbenv/versions/2.2.0/lib/ruby/gems/2.2.0/gems/actionpack-4.2.5.1/lib/action_dispatch/middleware/templates/rescues/_request_and_response.html.erb (1.5ms)
  Rendered /home/mojir/.rbenv/versions/2.2.0/lib/ruby/gems/2.2.0/gems/actionpack-4.2.5.1/lib/action_dispatch/middleware/templates/rescues/routing_error.html.erb within rescues/layout (101.7ms)
  Rendered /home/mojir/.rbenv/versions/2.2.0/lib/ruby/gems/2.2.0/gems/web-console-2.3.0/lib/web_console/templates/_markup.html.erb (0.7ms)
  Rendered /home/mojir/.rbenv/versions/2.2.0/lib/ruby/gems/2.2.0/gems/web-console-2.3.0/lib/web_console/templates/_inner_console_markup.html.erb within layouts/inlined_string (0.3ms)
  Rendered /home/mojir/.rbenv/versions/2.2.0/lib/ruby/gems/2.2.0/gems/web-console-2.3.0/lib/web_console/templates/_prompt_box_markup.html.erb within layouts/inlined_string (0.4ms)
  Rendered /home/mojir/.rbenv/versions/2.2.0/lib/ruby/gems/2.2.0/gems/web-console-2.3.0/lib/web_console/templates/style.css.erb within layouts/inlined_string (0.7ms)
  Rendered /home/mojir/.rbenv/versions/2.2.0/lib/ruby/gems/2.2.0/gems/web-console-2.3.0/lib/web_console/templates/console.js.erb within layouts/javascript (18.8ms)
  Rendered /home/mojir/.rbenv/versions/2.2.0/lib/ruby/gems/2.2.0/gems/web-console-2.3.0/lib/web_console/templates/main.js.erb within layouts/javascript (0.4ms)
  Rendered /home/mojir/.rbenv/versions/2.2.0/lib/ruby/gems/2.2.0/gems/web-console-2.3.0/lib/web_console/templates/error_page.js.erb within layouts/javascript (1.3ms)
  Rendered /home/mojir/.rbenv/versions/2.2.0/lib/ruby/gems/2.2.0/gems/web-console-2.3.0/lib/web_console/templates/index.html.erb (40.5ms)


Started GET "/users/sign_out" for 127.0.0.1 at 2016-03-11 07:00:41 -0500

ActionController::RoutingError (No route matches [GET] "/users/sign_out"):
  actionpack (4.2.5.1) lib/action_dispatch/middleware/debug_exceptions.rb:21:in `call'
  web-console (2.3.0) lib/web_console/middleware.rb:28:in `block in call'
  web-console (2.3.0) lib/web_console/middleware.rb:18:in `catch'
  web-console (2.3.0) lib/web_console/middleware.rb:18:in `call'
  actionpack (4.2.5.1) lib/action_dispatch/middleware/show_exceptions.rb:30:in `call'
  railties (4.2.5.1) lib/rails/rack/logger.rb:38:in `call_app'
  railties (4.2.5.1) lib/rails/rack/logger.rb:20:in `block in call'
  activesupport (4.2.5.1) lib/active_support/tagged_logging.rb:68:in `block in tagged'
  activesupport (4.2.5.1) lib/active_support/tagged_logging.rb:26:in `tagged'
  activesupport (4.2.5.1) lib/active_support/tagged_logging.rb:68:in `tagged'
  railties (4.2.5.1) lib/rails/rack/logger.rb:20:in `call'
  actionpack (4.2.5.1) lib/action_dispatch/middleware/request_id.rb:21:in `call'
  rack (1.6.4) lib/rack/methodoverride.rb:22:in `call'
  rack (1.6.4) lib/rack/runtime.rb:18:in `call'
  activesupport (4.2.5.1) lib/active_support/cache/strategy/local_cache_middleware.rb:28:in `call'
  rack (1.6.4) lib/rack/lock.rb:17:in `call'
  actionpack (4.2.5.1) lib/action_dispatch/middleware/static.rb:116:in `call'
  rack (1.6.4) lib/rack/sendfile.rb:113:in `call'
  railties (4.2.5.1) lib/rails/engine.rb:518:in `call'
  railties (4.2.5.1) lib/rails/application.rb:165:in `call'
  rack (1.6.4) lib/rack/lock.rb:17:in `call'
  rack (1.6.4) lib/rack/content_length.rb:15:in `call'
  rack (1.6.4) lib/rack/handler/webrick.rb:88:in `service'
  /home/mojir/.rbenv/versions/2.2.0/lib/ruby/2.2.0/webrick/httpserver.rb:138:in `service'
  /home/mojir/.rbenv/versions/2.2.0/lib/ruby/2.2.0/webrick/httpserver.rb:94:in `run'
  /home/mojir/.rbenv/versions/2.2.0/lib/ruby/2.2.0/webrick/server.rb:294:in `block in start_thread'


  Rendered /home/mojir/.rbenv/versions/2.2.0/lib/ruby/gems/2.2.0/gems/actionpack-4.2.5.1/lib/action_dispatch/middleware/templates/rescues/_trace.html.erb (2.1ms)
  Rendered /home/mojir/.rbenv/versions/2.2.0/lib/ruby/gems/2.2.0/gems/actionpack-4.2.5.1/lib/action_dispatch/middleware/templates/routes/_route.html.erb (5.2ms)
  Rendered /home/mojir/.rbenv/versions/2.2.0/lib/ruby/gems/2.2.0/gems/actionpack-4.2.5.1/lib/action_dispatch/middleware/templates/routes/_table.html.erb (1.5ms)
  Rendered /home/mojir/.rbenv/versions/2.2.0/lib/ruby/gems/2.2.0/gems/actionpack-4.2.5.1/lib/action_dispatch/middleware/templates/rescues/_request_and_response.html.erb (1.9ms)
  Rendered /home/mojir/.rbenv/versions/2.2.0/lib/ruby/gems/2.2.0/gems/actionpack-4.2.5.1/lib/action_dispatch/middleware/templates/rescues/routing_error.html.erb within rescues/layout (92.5ms)
  Rendered /home/mojir/.rbenv/versions/2.2.0/lib/ruby/gems/2.2.0/gems/web-console-2.3.0/lib/web_console/templates/_markup.html.erb (0.5ms)
  Rendered /home/mojir/.rbenv/versions/2.2.0/lib/ruby/gems/2.2.0/gems/web-console-2.3.0/lib/web_console/templates/_inner_console_markup.html.erb within layouts/inlined_string (0.4ms)
  Rendered /home/mojir/.rbenv/versions/2.2.0/lib/ruby/gems/2.2.0/gems/web-console-2.3.0/lib/web_console/templates/_prompt_box_markup.html.erb within layouts/inlined_string (0.4ms)
  Rendered /home/mojir/.rbenv/versions/2.2.0/lib/ruby/gems/2.2.0/gems/web-console-2.3.0/lib/web_console/templates/style.css.erb within layouts/inlined_string (0.6ms)
  Rendered /home/mojir/.rbenv/versions/2.2.0/lib/ruby/gems/2.2.0/gems/web-console-2.3.0/lib/web_console/templates/console.js.erb within layouts/javascript (19.9ms)
  Rendered /home/mojir/.rbenv/versions/2.2.0/lib/ruby/gems/2.2.0/gems/web-console-2.3.0/lib/web_console/templates/main.js.erb within layouts/javascript (0.3ms)
  Rendered /home/mojir/.rbenv/versions/2.2.0/lib/ruby/gems/2.2.0/gems/web-console-2.3.0/lib/web_console/templates/error_page.js.erb within layouts/javascript (0.4ms)
  Rendered /home/mojir/.rbenv/versions/2.2.0/lib/ruby/gems/2.2.0/gems/web-console-2.3.0/lib/web_console/templates/index.html.erb (37.9ms)


Started GET "/" for 127.0.0.1 at 2016-03-11 07:00:57 -0500
Processing by HomeController#index as HTML
  [1m[35mUser Load (0.1ms)[0m  SELECT  "users".* FROM "users" WHERE "users"."id" = ?  ORDER BY "users"."id" ASC LIMIT 1  [["id", 1]]
  Rendered home/index.html.erb within layouts/application (14.2ms)
Completed 500 Internal Server Error in 18ms (ActiveRecord: 0.1ms)

ActionView::Template::Error (undefined local variable or method `resource' for #<#<Class:0x007fc0a3e1ce70>:0x007fc0a3c3e860>):
    1: <% header "User Profile" %>
    2: 
    3: 
    4:   <%= devise_error_messages! %>
    5: 
    6:   <div class="form-group">
    7:     <%= current_user.label :firstname %>
  app/views/home/index.html.erb:4:in `_app_views_home_index_html_erb___4080861119160857842_70232667639580'


  Rendered /home/mojir/.rbenv/versions/2.2.0/lib/ruby/gems/2.2.0/gems/actionpack-4.2.5.1/lib/action_dispatch/middleware/templates/rescues/_source.erb (8.0ms)
  Rendered /home/mojir/.rbenv/versions/2.2.0/lib/ruby/gems/2.2.0/gems/actionpack-4.2.5.1/lib/action_dispatch/middleware/templates/rescues/_trace.html.erb (4.2ms)
  Rendered /home/mojir/.rbenv/versions/2.2.0/lib/ruby/gems/2.2.0/gems/actionpack-4.2.5.1/lib/action_dispatch/middleware/templates/rescues/_request_and_response.html.erb (1.3ms)
  Rendered /home/mojir/.rbenv/versions/2.2.0/lib/ruby/gems/2.2.0/gems/actionpack-4.2.5.1/lib/action_dispatch/middleware/templates/rescues/template_error.html.erb within rescues/layout (28.8ms)
  Rendered /home/mojir/.rbenv/versions/2.2.0/lib/ruby/gems/2.2.0/gems/web-console-2.3.0/lib/web_console/templates/_markup.html.erb (0.7ms)
  Rendered /home/mojir/.rbenv/versions/2.2.0/lib/ruby/gems/2.2.0/gems/web-console-2.3.0/lib/web_console/templates/_inner_console_markup.html.erb within layouts/inlined_string (0.4ms)
  Rendered /home/mojir/.rbenv/versions/2.2.0/lib/ruby/gems/2.2.0/gems/web-console-2.3.0/lib/web_console/templates/_prompt_box_markup.html.erb within layouts/inlined_string (0.5ms)
  Rendered /home/mojir/.rbenv/versions/2.2.0/lib/ruby/gems/2.2.0/gems/web-console-2.3.0/lib/web_console/templates/style.css.erb within layouts/inlined_string (0.4ms)
  Rendered /home/mojir/.rbenv/versions/2.2.0/lib/ruby/gems/2.2.0/gems/web-console-2.3.0/lib/web_console/templates/console.js.erb within layouts/javascript (19.5ms)
  Rendered /home/mojir/.rbenv/versions/2.2.0/lib/ruby/gems/2.2.0/gems/web-console-2.3.0/lib/web_console/templates/main.js.erb within layouts/javascript (0.4ms)
  Rendered /home/mojir/.rbenv/versions/2.2.0/lib/ruby/gems/2.2.0/gems/web-console-2.3.0/lib/web_console/templates/error_page.js.erb within layouts/javascript (0.5ms)
  Rendered /home/mojir/.rbenv/versions/2.2.0/lib/ruby/gems/2.2.0/gems/web-console-2.3.0/lib/web_console/templates/index.html.erb (40.9ms)


Started POST "/__web_console/repl_sessions/436aa3a7abae6acd516b877ee69b77d7/trace" for 127.0.0.1 at 2016-03-11 07:01:09 -0500


Started POST "/__web_console/repl_sessions/436aa3a7abae6acd516b877ee69b77d7/trace" for 127.0.0.1 at 2016-03-11 07:01:11 -0500


Started GET "/" for 127.0.0.1 at 2016-03-11 07:01:26 -0500
Processing by HomeController#index as HTML
  [1m[36mUser Load (0.2ms)[0m  [1mSELECT  "users".* FROM "users" WHERE "users"."id" = ?  ORDER BY "users"."id" ASC LIMIT 1[0m  [["id", 1]]
  Rendered home/index.html.erb within layouts/application (5.5ms)
Completed 500 Internal Server Error in 11ms (ActiveRecord: 0.2ms)

ActionView::Template::Error (undefined method `label' for #<User:0x007fc09c00c3a0>):
    1: <% header "User Profile" %>
    2: 
    3:   <div class="form-group">
    4:     <%= current_user.label :firstname %>
    5:     <%= current_user.text_field :firstname, class: 'form-control' ,readonly: true%>
    6:   </div>
    7:    
  app/views/home/index.html.erb:4:in `_app_views_home_index_html_erb___4080861119160857842_70232674767340'


  Rendered /home/mojir/.rbenv/versions/2.2.0/lib/ruby/gems/2.2.0/gems/actionpack-4.2.5.1/lib/action_dispatch/middleware/templates/rescues/_source.erb (7.1ms)
  Rendered /home/mojir/.rbenv/versions/2.2.0/lib/ruby/gems/2.2.0/gems/actionpack-4.2.5.1/lib/action_dispatch/middleware/templates/rescues/_trace.html.erb (2.9ms)
  Rendered /home/mojir/.rbenv/versions/2.2.0/lib/ruby/gems/2.2.0/gems/actionpack-4.2.5.1/lib/action_dispatch/middleware/templates/rescues/_request_and_response.html.erb (1.1ms)
  Rendered /home/mojir/.rbenv/versions/2.2.0/lib/ruby/gems/2.2.0/gems/actionpack-4.2.5.1/lib/action_dispatch/middleware/templates/rescues/template_error.html.erb within rescues/layout (28.1ms)
  Rendered /home/mojir/.rbenv/versions/2.2.0/lib/ruby/gems/2.2.0/gems/web-console-2.3.0/lib/web_console/templates/_markup.html.erb (0.5ms)
  Rendered /home/mojir/.rbenv/versions/2.2.0/lib/ruby/gems/2.2.0/gems/web-console-2.3.0/lib/web_console/templates/_inner_console_markup.html.erb within layouts/inlined_string (0.7ms)
  Rendered /home/mojir/.rbenv/versions/2.2.0/lib/ruby/gems/2.2.0/gems/web-console-2.3.0/lib/web_console/templates/_prompt_box_markup.html.erb within layouts/inlined_string (0.4ms)
  Rendered /home/mojir/.rbenv/versions/2.2.0/lib/ruby/gems/2.2.0/gems/web-console-2.3.0/lib/web_console/templates/style.css.erb within layouts/inlined_string (0.5ms)
  Rendered /home/mojir/.rbenv/versions/2.2.0/lib/ruby/gems/2.2.0/gems/web-console-2.3.0/lib/web_console/templates/console.js.erb within layouts/javascript (19.6ms)
  Rendered /home/mojir/.rbenv/versions/2.2.0/lib/ruby/gems/2.2.0/gems/web-console-2.3.0/lib/web_console/templates/main.js.erb within layouts/javascript (0.6ms)
  Rendered /home/mojir/.rbenv/versions/2.2.0/lib/ruby/gems/2.2.0/gems/web-console-2.3.0/lib/web_console/templates/error_page.js.erb within layouts/javascript (0.5ms)
  Rendered /home/mojir/.rbenv/versions/2.2.0/lib/ruby/gems/2.2.0/gems/web-console-2.3.0/lib/web_console/templates/index.html.erb (39.8ms)


Started GET "/" for 127.0.0.1 at 2016-03-11 07:02:20 -0500
Processing by HomeController#index as HTML
  [1m[35mUser Load (0.1ms)[0m  SELECT  "users".* FROM "users" WHERE "users"."id" = ?  ORDER BY "users"."id" ASC LIMIT 1  [["id", 1]]
  Rendered home/index.html.erb within layouts/application (3.2ms)
Completed 500 Internal Server Error in 7ms (ActiveRecord: 0.1ms)

ActionView::Template::Error (undefined method `text_field' for #<User:0x007fc0a22149d0>):
    2: 
    3:   <div class="form-group">
    4:     
    5:     <%= current_user.text_field :firstname, class: 'form-control' ,readonly: true%>
    6:   </div>
    7:    
    8: 
  app/views/home/index.html.erb:5:in `_app_views_home_index_html_erb___4080861119160857842_70232664740940'


  Rendered /home/mojir/.rbenv/versions/2.2.0/lib/ruby/gems/2.2.0/gems/actionpack-4.2.5.1/lib/action_dispatch/middleware/templates/rescues/_source.erb (6.8ms)
  Rendered /home/mojir/.rbenv/versions/2.2.0/lib/ruby/gems/2.2.0/gems/actionpack-4.2.5.1/lib/action_dispatch/middleware/templates/rescues/_trace.html.erb (2.8ms)
  Rendered /home/mojir/.rbenv/versions/2.2.0/lib/ruby/gems/2.2.0/gems/actionpack-4.2.5.1/lib/action_dispatch/middleware/templates/rescues/_request_and_response.html.erb (1.7ms)
  Rendered /home/mojir/.rbenv/versions/2.2.0/lib/ruby/gems/2.2.0/gems/actionpack-4.2.5.1/lib/action_dispatch/middleware/templates/rescues/template_error.html.erb within rescues/layout (27.1ms)
  Rendered /home/mojir/.rbenv/versions/2.2.0/lib/ruby/gems/2.2.0/gems/web-console-2.3.0/lib/web_console/templates/_markup.html.erb (0.4ms)
  Rendered /home/mojir/.rbenv/versions/2.2.0/lib/ruby/gems/2.2.0/gems/web-console-2.3.0/lib/web_console/templates/_inner_console_markup.html.erb within layouts/inlined_string (0.5ms)
  Rendered /home/mojir/.rbenv/versions/2.2.0/lib/ruby/gems/2.2.0/gems/web-console-2.3.0/lib/web_console/templates/_prompt_box_markup.html.erb within layouts/inlined_string (0.4ms)
  Rendered /home/mojir/.rbenv/versions/2.2.0/lib/ruby/gems/2.2.0/gems/web-console-2.3.0/lib/web_console/templates/style.css.erb within layouts/inlined_string (0.6ms)
  Rendered /home/mojir/.rbenv/versions/2.2.0/lib/ruby/gems/2.2.0/gems/web-console-2.3.0/lib/web_console/templates/console.js.erb within layouts/javascript (20.4ms)
  Rendered /home/mojir/.rbenv/versions/2.2.0/lib/ruby/gems/2.2.0/gems/web-console-2.3.0/lib/web_console/templates/main.js.erb within layouts/javascript (0.4ms)
  Rendered /home/mojir/.rbenv/versions/2.2.0/lib/ruby/gems/2.2.0/gems/web-console-2.3.0/lib/web_console/templates/error_page.js.erb within layouts/javascript (0.5ms)
  Rendered /home/mojir/.rbenv/versions/2.2.0/lib/ruby/gems/2.2.0/gems/web-console-2.3.0/lib/web_console/templates/index.html.erb (39.6ms)


Started GET "/" for 127.0.0.1 at 2016-03-11 07:02:40 -0500
Processing by HomeController#index as HTML
  [1m[36mUser Load (0.1ms)[0m  [1mSELECT  "users".* FROM "users" WHERE "users"."id" = ?  ORDER BY "users"."id" ASC LIMIT 1[0m  [["id", 1]]
  Rendered home/index.html.erb within layouts/application (1.1ms)
Completed 500 Internal Server Error in 4ms (ActiveRecord: 0.1ms)

SyntaxError (/home/mojir/Dropbox/cosi166b_mojirsamimi/CourseCatalog/app/views/home/index.html.erb:5: syntax error, unexpected tLABEL, expecting '='
... current_user.firstname, class: 'form-control' ,readonly: tr...
...                               ^
/home/mojir/Dropbox/cosi166b_mojirsamimi/CourseCatalog/app/views/home/index.html.erb:5: syntax error, unexpected ',', expecting ')'
...stname, class: 'form-control' ,readonly: true);@output_buffe...
...                               ^):
  app/views/home/index.html.erb:5: syntax error, unexpected tLABEL, expecting '='
  app/views/home/index.html.erb:5: syntax error, unexpected ',', expecting ')'


  Rendered /home/mojir/.rbenv/versions/2.2.0/lib/ruby/gems/2.2.0/gems/actionpack-4.2.5.1/lib/action_dispatch/middleware/templates/rescues/_source.erb (8.2ms)
  Rendered /home/mojir/.rbenv/versions/2.2.0/lib/ruby/gems/2.2.0/gems/actionpack-4.2.5.1/lib/action_dispatch/middleware/templates/rescues/_trace.html.erb (4.1ms)
  Rendered /home/mojir/.rbenv/versions/2.2.0/lib/ruby/gems/2.2.0/gems/actionpack-4.2.5.1/lib/action_dispatch/middleware/templates/rescues/_request_and_response.html.erb (1.1ms)
  Rendered /home/mojir/.rbenv/versions/2.2.0/lib/ruby/gems/2.2.0/gems/actionpack-4.2.5.1/lib/action_dispatch/middleware/templates/rescues/diagnostics.html.erb within rescues/layout (31.0ms)
  Rendered /home/mojir/.rbenv/versions/2.2.0/lib/ruby/gems/2.2.0/gems/web-console-2.3.0/lib/web_console/templates/_markup.html.erb (0.8ms)
  Rendered /home/mojir/.rbenv/versions/2.2.0/lib/ruby/gems/2.2.0/gems/web-console-2.3.0/lib/web_console/templates/_inner_console_markup.html.erb within layouts/inlined_string (0.5ms)
  Rendered /home/mojir/.rbenv/versions/2.2.0/lib/ruby/gems/2.2.0/gems/web-console-2.3.0/lib/web_console/templates/_prompt_box_markup.html.erb within layouts/inlined_string (0.4ms)
  Rendered /home/mojir/.rbenv/versions/2.2.0/lib/ruby/gems/2.2.0/gems/web-console-2.3.0/lib/web_console/templates/style.css.erb within layouts/inlined_string (0.8ms)
  Rendered /home/mojir/.rbenv/versions/2.2.0/lib/ruby/gems/2.2.0/gems/web-console-2.3.0/lib/web_console/templates/console.js.erb within layouts/javascript (19.7ms)
  Rendered /home/mojir/.rbenv/versions/2.2.0/lib/ruby/gems/2.2.0/gems/web-console-2.3.0/lib/web_console/templates/main.js.erb within layouts/javascript (0.4ms)
  Rendered /home/mojir/.rbenv/versions/2.2.0/lib/ruby/gems/2.2.0/gems/web-console-2.3.0/lib/web_console/templates/error_page.js.erb within layouts/javascript (0.7ms)
  Rendered /home/mojir/.rbenv/versions/2.2.0/lib/ruby/gems/2.2.0/gems/web-console-2.3.0/lib/web_console/templates/index.html.erb (42.6ms)


Started GET "/" for 127.0.0.1 at 2016-03-11 07:02:56 -0500
Processing by HomeController#index as HTML
  [1m[35mUser Load (0.1ms)[0m  SELECT  "users".* FROM "users" WHERE "users"."id" = ?  ORDER BY "users"."id" ASC LIMIT 1  [["id", 1]]
  Rendered home/index.html.erb within layouts/application (1.0ms)
Completed 500 Internal Server Error in 4ms (ActiveRecord: 0.1ms)

SyntaxError (/home/mojir/Dropbox/cosi166b_mojirsamimi/CourseCatalog/app/views/home/index.html.erb:5: syntax error, unexpected tLABEL, expecting '='
... current_user.firstname, class: 'form-control' );@output_buf...
...                               ^):
  app/views/home/index.html.erb:5: syntax error, unexpected tLABEL, expecting '='


  Rendered /home/mojir/.rbenv/versions/2.2.0/lib/ruby/gems/2.2.0/gems/actionpack-4.2.5.1/lib/action_dispatch/middleware/templates/rescues/_source.erb (9.4ms)
  Rendered /home/mojir/.rbenv/versions/2.2.0/lib/ruby/gems/2.2.0/gems/actionpack-4.2.5.1/lib/action_dispatch/middleware/templates/rescues/_trace.html.erb (4.9ms)
  Rendered /home/mojir/.rbenv/versions/2.2.0/lib/ruby/gems/2.2.0/gems/actionpack-4.2.5.1/lib/action_dispatch/middleware/templates/rescues/_request_and_response.html.erb (1.3ms)
  Rendered /home/mojir/.rbenv/versions/2.2.0/lib/ruby/gems/2.2.0/gems/actionpack-4.2.5.1/lib/action_dispatch/middleware/templates/rescues/diagnostics.html.erb within rescues/layout (32.5ms)
  Rendered /home/mojir/.rbenv/versions/2.2.0/lib/ruby/gems/2.2.0/gems/web-console-2.3.0/lib/web_console/templates/_markup.html.erb (0.6ms)
  Rendered /home/mojir/.rbenv/versions/2.2.0/lib/ruby/gems/2.2.0/gems/web-console-2.3.0/lib/web_console/templates/_inner_console_markup.html.erb within layouts/inlined_string (0.5ms)
  Rendered /home/mojir/.rbenv/versions/2.2.0/lib/ruby/gems/2.2.0/gems/web-console-2.3.0/lib/web_console/templates/_prompt_box_markup.html.erb within layouts/inlined_string (0.4ms)
  Rendered /home/mojir/.rbenv/versions/2.2.0/lib/ruby/gems/2.2.0/gems/web-console-2.3.0/lib/web_console/templates/style.css.erb within layouts/inlined_string (0.5ms)
  Rendered /home/mojir/.rbenv/versions/2.2.0/lib/ruby/gems/2.2.0/gems/web-console-2.3.0/lib/web_console/templates/console.js.erb within layouts/javascript (19.7ms)
  Rendered /home/mojir/.rbenv/versions/2.2.0/lib/ruby/gems/2.2.0/gems/web-console-2.3.0/lib/web_console/templates/main.js.erb within layouts/javascript (0.4ms)
  Rendered /home/mojir/.rbenv/versions/2.2.0/lib/ruby/gems/2.2.0/gems/web-console-2.3.0/lib/web_console/templates/error_page.js.erb within layouts/javascript (0.5ms)
  Rendered /home/mojir/.rbenv/versions/2.2.0/lib/ruby/gems/2.2.0/gems/web-console-2.3.0/lib/web_console/templates/index.html.erb (40.0ms)


Started GET "/" for 127.0.0.1 at 2016-03-11 07:03:30 -0500
Processing by HomeController#index as HTML
  [1m[36mUser Load (0.1ms)[0m  [1mSELECT  "users".* FROM "users" WHERE "users"."id" = ?  ORDER BY "users"."id" ASC LIMIT 1[0m  [["id", 1]]
  Rendered home/index.html.erb within layouts/application (1.7ms)
Completed 500 Internal Server Error in 6ms (ActiveRecord: 0.1ms)

SyntaxError (/home/mojir/Dropbox/cosi166b_mojirsamimi/CourseCatalog/app/views/home/index.html.erb:5: syntax error, unexpected tLABEL, expecting '='
...@current_user.firstname, class: 'form-control' );@output_buf...
...                               ^):
  app/views/home/index.html.erb:5: syntax error, unexpected tLABEL, expecting '='


  Rendered /home/mojir/.rbenv/versions/2.2.0/lib/ruby/gems/2.2.0/gems/actionpack-4.2.5.1/lib/action_dispatch/middleware/templates/rescues/_source.erb (8.5ms)
  Rendered /home/mojir/.rbenv/versions/2.2.0/lib/ruby/gems/2.2.0/gems/actionpack-4.2.5.1/lib/action_dispatch/middleware/templates/rescues/_trace.html.erb (3.3ms)
  Rendered /home/mojir/.rbenv/versions/2.2.0/lib/ruby/gems/2.2.0/gems/actionpack-4.2.5.1/lib/action_dispatch/middleware/templates/rescues/_request_and_response.html.erb (1.2ms)
  Rendered /home/mojir/.rbenv/versions/2.2.0/lib/ruby/gems/2.2.0/gems/actionpack-4.2.5.1/lib/action_dispatch/middleware/templates/rescues/diagnostics.html.erb within rescues/layout (27.6ms)
  Rendered /home/mojir/.rbenv/versions/2.2.0/lib/ruby/gems/2.2.0/gems/web-console-2.3.0/lib/web_console/templates/_markup.html.erb (0.5ms)
  Rendered /home/mojir/.rbenv/versions/2.2.0/lib/ruby/gems/2.2.0/gems/web-console-2.3.0/lib/web_console/templates/_inner_console_markup.html.erb within layouts/inlined_string (0.5ms)
  Rendered /home/mojir/.rbenv/versions/2.2.0/lib/ruby/gems/2.2.0/gems/web-console-2.3.0/lib/web_console/templates/_prompt_box_markup.html.erb within layouts/inlined_string (0.5ms)
  Rendered /home/mojir/.rbenv/versions/2.2.0/lib/ruby/gems/2.2.0/gems/web-console-2.3.0/lib/web_console/templates/style.css.erb within layouts/inlined_string (0.4ms)
  Rendered /home/mojir/.rbenv/versions/2.2.0/lib/ruby/gems/2.2.0/gems/web-console-2.3.0/lib/web_console/templates/console.js.erb within layouts/javascript (19.0ms)
  Rendered /home/mojir/.rbenv/versions/2.2.0/lib/ruby/gems/2.2.0/gems/web-console-2.3.0/lib/web_console/templates/main.js.erb within layouts/javascript (0.3ms)
  Rendered /home/mojir/.rbenv/versions/2.2.0/lib/ruby/gems/2.2.0/gems/web-console-2.3.0/lib/web_console/templates/error_page.js.erb within layouts/javascript (0.6ms)
  Rendered /home/mojir/.rbenv/versions/2.2.0/lib/ruby/gems/2.2.0/gems/web-console-2.3.0/lib/web_console/templates/index.html.erb (37.2ms)


Started GET "/" for 127.0.0.1 at 2016-03-11 07:03:45 -0500
Processing by HomeController#index as HTML
  [1m[35mUser Load (0.2ms)[0m  SELECT  "users".* FROM "users" WHERE "users"."id" = ?  ORDER BY "users"."id" ASC LIMIT 1  [["id", 1]]
  Rendered home/index.html.erb within layouts/application (2.3ms)
Completed 500 Internal Server Error in 6ms (ActiveRecord: 0.2ms)

ActionView::Template::Error (undefined method `firstname' for nil:NilClass):
    2: 
    3:   <div class="form-group">
    4:     
    5:     <%= @current_user.firstname%>
    6:   </div>
    7:    
    8: 
  app/views/home/index.html.erb:5:in `_app_views_home_index_html_erb___4080861119160857842_70232665009380'


  Rendered /home/mojir/.rbenv/versions/2.2.0/lib/ruby/gems/2.2.0/gems/actionpack-4.2.5.1/lib/action_dispatch/middleware/templates/rescues/_source.erb (8.1ms)
  Rendered /home/mojir/.rbenv/versions/2.2.0/lib/ruby/gems/2.2.0/gems/actionpack-4.2.5.1/lib/action_dispatch/middleware/templates/rescues/_trace.html.erb (3.1ms)
  Rendered /home/mojir/.rbenv/versions/2.2.0/lib/ruby/gems/2.2.0/gems/actionpack-4.2.5.1/lib/action_dispatch/middleware/templates/rescues/_request_and_response.html.erb (1.1ms)
  Rendered /home/mojir/.rbenv/versions/2.2.0/lib/ruby/gems/2.2.0/gems/actionpack-4.2.5.1/lib/action_dispatch/middleware/templates/rescues/template_error.html.erb within rescues/layout (29.5ms)
  Rendered /home/mojir/.rbenv/versions/2.2.0/lib/ruby/gems/2.2.0/gems/web-console-2.3.0/lib/web_console/templates/_markup.html.erb (0.5ms)
  Rendered /home/mojir/.rbenv/versions/2.2.0/lib/ruby/gems/2.2.0/gems/web-console-2.3.0/lib/web_console/templates/_inner_console_markup.html.erb within layouts/inlined_string (0.7ms)
  Rendered /home/mojir/.rbenv/versions/2.2.0/lib/ruby/gems/2.2.0/gems/web-console-2.3.0/lib/web_console/templates/_prompt_box_markup.html.erb within layouts/inlined_string (0.4ms)
  Rendered /home/mojir/.rbenv/versions/2.2.0/lib/ruby/gems/2.2.0/gems/web-console-2.3.0/lib/web_console/templates/style.css.erb within layouts/inlined_string (0.4ms)
  Rendered /home/mojir/.rbenv/versions/2.2.0/lib/ruby/gems/2.2.0/gems/web-console-2.3.0/lib/web_console/templates/console.js.erb within layouts/javascript (19.9ms)
  Rendered /home/mojir/.rbenv/versions/2.2.0/lib/ruby/gems/2.2.0/gems/web-console-2.3.0/lib/web_console/templates/main.js.erb within layouts/javascript (0.7ms)
  Rendered /home/mojir/.rbenv/versions/2.2.0/lib/ruby/gems/2.2.0/gems/web-console-2.3.0/lib/web_console/templates/error_page.js.erb within layouts/javascript (1.0ms)
  Rendered /home/mojir/.rbenv/versions/2.2.0/lib/ruby/gems/2.2.0/gems/web-console-2.3.0/lib/web_console/templates/index.html.erb (39.3ms)


Started GET "/" for 127.0.0.1 at 2016-03-11 07:05:24 -0500
Processing by HomeController#index as HTML
  [1m[36mUser Load (0.4ms)[0m  [1mSELECT  "users".* FROM "users" WHERE "users"."id" = ?  ORDER BY "users"."id" ASC LIMIT 1[0m  [["id", 1]]
  Rendered home/index.html.erb within layouts/application (0.9ms)
Completed 200 OK in 75ms (Views: 55.7ms | ActiveRecord: 1.2ms)


Started GET "/assets/courses.self-e3b0c44298fc1c149afbf4c8996fb92427ae41e4649b934ca495991b7852b855.css?body=1" for 127.0.0.1 at 2016-03-11 07:05:25 -0500


Started GET "/assets/home.self-e3b0c44298fc1c149afbf4c8996fb92427ae41e4649b934ca495991b7852b855.css?body=1" for 127.0.0.1 at 2016-03-11 07:05:25 -0500


Started GET "/assets/courses.self-877aef30ae1b040ab8a3aba4e3e309a11d7f2612f44dde450b5c157aa5f95c05.js?body=1" for 127.0.0.1 at 2016-03-11 07:05:25 -0500


Started GET "/assets/instructors.self-e3b0c44298fc1c149afbf4c8996fb92427ae41e4649b934ca495991b7852b855.css?body=1" for 127.0.0.1 at 2016-03-11 07:05:25 -0500


Started GET "/assets/application.self-32d1e418050889e10fb482e154bc37f6990eddf251b239511e4c04f744384785.css?body=1" for 127.0.0.1 at 2016-03-11 07:05:25 -0500


Started GET "/assets/scaffolds.self-a023b2906290fd18328c79a043cacd13abc22b08f90ccf6ca5e43d8237abaee1.css?body=1" for 127.0.0.1 at 2016-03-11 07:05:25 -0500


Started GET "/assets/home.self-877aef30ae1b040ab8a3aba4e3e309a11d7f2612f44dde450b5c157aa5f95c05.js?body=1" for 127.0.0.1 at 2016-03-11 07:05:25 -0500


Started GET "/assets/subjects.self-e3b0c44298fc1c149afbf4c8996fb92427ae41e4649b934ca495991b7852b855.css?body=1" for 127.0.0.1 at 2016-03-11 07:05:25 -0500


Started GET "/assets/welcome.self-e3b0c44298fc1c149afbf4c8996fb92427ae41e4649b934ca495991b7852b855.css?body=1" for 127.0.0.1 at 2016-03-11 07:05:25 -0500


Started GET "/assets/instructors.self-877aef30ae1b040ab8a3aba4e3e309a11d7f2612f44dde450b5c157aa5f95c05.js?body=1" for 127.0.0.1 at 2016-03-11 07:05:25 -0500


Started GET "/assets/welcome.self-877aef30ae1b040ab8a3aba4e3e309a11d7f2612f44dde450b5c157aa5f95c05.js?body=1" for 127.0.0.1 at 2016-03-11 07:05:25 -0500


Started GET "/assets/subjects.self-877aef30ae1b040ab8a3aba4e3e309a11d7f2612f44dde450b5c157aa5f95c05.js?body=1" for 127.0.0.1 at 2016-03-11 07:05:25 -0500


Started GET "/assets/jquery_ujs.self-d602bdfe68ffc63b9f9cc512872aa3cfff046228a0a36e90dd476e8ef54c1b09.js?body=1" for 127.0.0.1 at 2016-03-11 07:05:25 -0500


Started GET "/assets/jquery.turbolinks.self-176b9819f30444d441e820bbccd3264fe57753aeafd54dec732b0dbc77129a2a.js?body=1" for 127.0.0.1 at 2016-03-11 07:05:25 -0500


Started GET "/assets/turbolinks.self-c37727e9bd6b2735da5c311aa83fead54ed0be6cc8bd9a65309e9c5abe2cbfff.js?body=1" for 127.0.0.1 at 2016-03-11 07:05:25 -0500


Started GET "/assets/jquery.self-c64a74367bda6ef8b860f19e74df08927ca99d2be2ac934e9e92d5fd361e0da4.js?body=1" for 127.0.0.1 at 2016-03-11 07:05:25 -0500


Started GET "/assets/bootstrap/dropdown.self-e56c2ffee4618411d43ecf15c89273f6223847ad756e1cd17545d04afa732ed4.js?body=1" for 127.0.0.1 at 2016-03-11 07:05:25 -0500


Started GET "/assets/application.self-7862a8a8b42407b4741a1adeeea35f0d13ddc4f702ec532adb0674491d296495.js?body=1" for 127.0.0.1 at 2016-03-11 07:05:25 -0500


Started GET "/" for 127.0.0.1 at 2016-03-11 07:05:46 -0500
Processing by HomeController#index as HTML
  [1m[35mUser Load (0.2ms)[0m  SELECT  "users".* FROM "users" WHERE "users"."id" = ?  ORDER BY "users"."id" ASC LIMIT 1  [["id", 1]]
  Rendered home/index.html.erb within layouts/application (0.2ms)
Completed 200 OK in 128ms (Views: 125.6ms | ActiveRecord: 0.2ms)


Started GET "/assets/courses.self-e3b0c44298fc1c149afbf4c8996fb92427ae41e4649b934ca495991b7852b855.css?body=1" for 127.0.0.1 at 2016-03-11 07:05:46 -0500


Started GET "/assets/scaffolds.self-a023b2906290fd18328c79a043cacd13abc22b08f90ccf6ca5e43d8237abaee1.css?body=1" for 127.0.0.1 at 2016-03-11 07:05:46 -0500


Started GET "/assets/welcome.self-e3b0c44298fc1c149afbf4c8996fb92427ae41e4649b934ca495991b7852b855.css?body=1" for 127.0.0.1 at 2016-03-11 07:05:46 -0500


Started GET "/assets/subjects.self-e3b0c44298fc1c149afbf4c8996fb92427ae41e4649b934ca495991b7852b855.css?body=1" for 127.0.0.1 at 2016-03-11 07:05:46 -0500


Started GET "/assets/home.self-e3b0c44298fc1c149afbf4c8996fb92427ae41e4649b934ca495991b7852b855.css?body=1" for 127.0.0.1 at 2016-03-11 07:05:46 -0500


Started GET "/assets/application.self-32d1e418050889e10fb482e154bc37f6990eddf251b239511e4c04f744384785.css?body=1" for 127.0.0.1 at 2016-03-11 07:05:46 -0500


Started GET "/assets/instructors.self-e3b0c44298fc1c149afbf4c8996fb92427ae41e4649b934ca495991b7852b855.css?body=1" for 127.0.0.1 at 2016-03-11 07:05:46 -0500


Started GET "/assets/courses.self-877aef30ae1b040ab8a3aba4e3e309a11d7f2612f44dde450b5c157aa5f95c05.js?body=1" for 127.0.0.1 at 2016-03-11 07:05:46 -0500


Started GET "/assets/instructors.self-877aef30ae1b040ab8a3aba4e3e309a11d7f2612f44dde450b5c157aa5f95c05.js?body=1" for 127.0.0.1 at 2016-03-11 07:05:46 -0500


Started GET "/assets/home.self-877aef30ae1b040ab8a3aba4e3e309a11d7f2612f44dde450b5c157aa5f95c05.js?body=1" for 127.0.0.1 at 2016-03-11 07:05:46 -0500


Started GET "/assets/subjects.self-877aef30ae1b040ab8a3aba4e3e309a11d7f2612f44dde450b5c157aa5f95c05.js?body=1" for 127.0.0.1 at 2016-03-11 07:05:46 -0500


Started GET "/assets/welcome.self-877aef30ae1b040ab8a3aba4e3e309a11d7f2612f44dde450b5c157aa5f95c05.js?body=1" for 127.0.0.1 at 2016-03-11 07:05:46 -0500


Started GET "/assets/jquery.self-c64a74367bda6ef8b860f19e74df08927ca99d2be2ac934e9e92d5fd361e0da4.js?body=1" for 127.0.0.1 at 2016-03-11 07:05:46 -0500


Started GET "/assets/jquery.turbolinks.self-176b9819f30444d441e820bbccd3264fe57753aeafd54dec732b0dbc77129a2a.js?body=1" for 127.0.0.1 at 2016-03-11 07:05:46 -0500


Started GET "/assets/jquery_ujs.self-d602bdfe68ffc63b9f9cc512872aa3cfff046228a0a36e90dd476e8ef54c1b09.js?body=1" for 127.0.0.1 at 2016-03-11 07:05:46 -0500


Started GET "/assets/bootstrap/dropdown.self-e56c2ffee4618411d43ecf15c89273f6223847ad756e1cd17545d04afa732ed4.js?body=1" for 127.0.0.1 at 2016-03-11 07:05:46 -0500


Started GET "/assets/application.self-7862a8a8b42407b4741a1adeeea35f0d13ddc4f702ec532adb0674491d296495.js?body=1" for 127.0.0.1 at 2016-03-11 07:05:46 -0500


Started GET "/assets/turbolinks.self-c37727e9bd6b2735da5c311aa83fead54ed0be6cc8bd9a65309e9c5abe2cbfff.js?body=1" for 127.0.0.1 at 2016-03-11 07:05:46 -0500


Started GET "/" for 127.0.0.1 at 2016-03-11 07:08:56 -0500
Processing by HomeController#index as HTML
  [1m[36mUser Load (0.1ms)[0m  [1mSELECT  "users".* FROM "users" WHERE "users"."id" = ?  ORDER BY "users"."id" ASC LIMIT 1[0m  [["id", 1]]
  Rendered home/index.html.erb within layouts/application (21.0ms)
Completed 500 Internal Server Error in 26ms (ActiveRecord: 0.1ms)

ActionView::Template::Error (undefined method `user_path' for #<#<Class:0x007fc0a3826a48>:0x007fc09c10f4c8>):
    1: <% header "User Profile" %>
    2: 
    3: 
    4: <%= form_for(@curr_user) do |f| %>
    5:     <%= f.label :firstname %>
    6:     <%= f.text_field :firstname %>
    7: 
  app/views/home/index.html.erb:4:in `_app_views_home_index_html_erb___4080861119160857842_70232614400220'


  Rendered /home/mojir/.rbenv/versions/2.2.0/lib/ruby/gems/2.2.0/gems/actionpack-4.2.5.1/lib/action_dispatch/middleware/templates/rescues/_source.erb (11.3ms)
  Rendered /home/mojir/.rbenv/versions/2.2.0/lib/ruby/gems/2.2.0/gems/actionpack-4.2.5.1/lib/action_dispatch/middleware/templates/rescues/_trace.html.erb (5.4ms)
  Rendered /home/mojir/.rbenv/versions/2.2.0/lib/ruby/gems/2.2.0/gems/actionpack-4.2.5.1/lib/action_dispatch/middleware/templates/rescues/_request_and_response.html.erb (1.3ms)
  Rendered /home/mojir/.rbenv/versions/2.2.0/lib/ruby/gems/2.2.0/gems/actionpack-4.2.5.1/lib/action_dispatch/middleware/templates/rescues/template_error.html.erb within rescues/layout (35.0ms)
  Rendered /home/mojir/.rbenv/versions/2.2.0/lib/ruby/gems/2.2.0/gems/web-console-2.3.0/lib/web_console/templates/_markup.html.erb (0.8ms)
  Rendered /home/mojir/.rbenv/versions/2.2.0/lib/ruby/gems/2.2.0/gems/web-console-2.3.0/lib/web_console/templates/_inner_console_markup.html.erb within layouts/inlined_string (0.7ms)
  Rendered /home/mojir/.rbenv/versions/2.2.0/lib/ruby/gems/2.2.0/gems/web-console-2.3.0/lib/web_console/templates/_prompt_box_markup.html.erb within layouts/inlined_string (0.5ms)
  Rendered /home/mojir/.rbenv/versions/2.2.0/lib/ruby/gems/2.2.0/gems/web-console-2.3.0/lib/web_console/templates/style.css.erb within layouts/inlined_string (0.7ms)
  Rendered /home/mojir/.rbenv/versions/2.2.0/lib/ruby/gems/2.2.0/gems/web-console-2.3.0/lib/web_console/templates/console.js.erb within layouts/javascript (21.1ms)
  Rendered /home/mojir/.rbenv/versions/2.2.0/lib/ruby/gems/2.2.0/gems/web-console-2.3.0/lib/web_console/templates/main.js.erb within layouts/javascript (0.4ms)
  Rendered /home/mojir/.rbenv/versions/2.2.0/lib/ruby/gems/2.2.0/gems/web-console-2.3.0/lib/web_console/templates/error_page.js.erb within layouts/javascript (0.6ms)
  Rendered /home/mojir/.rbenv/versions/2.2.0/lib/ruby/gems/2.2.0/gems/web-console-2.3.0/lib/web_console/templates/index.html.erb (39.9ms)


Started GET "/" for 127.0.0.1 at 2016-03-11 07:18:27 -0500
Processing by HomeController#index as HTML
  [1m[35mUser Load (0.2ms)[0m  SELECT  "users".* FROM "users" WHERE "users"."id" = ?  ORDER BY "users"."id" ASC LIMIT 1  [["id", 1]]
  Rendered home/index.html.erb within layouts/application (0.9ms)
Completed 200 OK in 61ms (Views: 58.6ms | ActiveRecord: 0.2ms)


Started GET "/assets/courses.self-e3b0c44298fc1c149afbf4c8996fb92427ae41e4649b934ca495991b7852b855.css?body=1" for 127.0.0.1 at 2016-03-11 07:18:27 -0500


Started GET "/assets/home.self-e3b0c44298fc1c149afbf4c8996fb92427ae41e4649b934ca495991b7852b855.css?body=1" for 127.0.0.1 at 2016-03-11 07:18:27 -0500


Started GET "/assets/instructors.self-e3b0c44298fc1c149afbf4c8996fb92427ae41e4649b934ca495991b7852b855.css?body=1" for 127.0.0.1 at 2016-03-11 07:18:27 -0500


Started GET "/assets/courses.self-877aef30ae1b040ab8a3aba4e3e309a11d7f2612f44dde450b5c157aa5f95c05.js?body=1" for 127.0.0.1 at 2016-03-11 07:18:27 -0500


Started GET "/assets/welcome.self-e3b0c44298fc1c149afbf4c8996fb92427ae41e4649b934ca495991b7852b855.css?body=1" for 127.0.0.1 at 2016-03-11 07:18:27 -0500


Started GET "/assets/subjects.self-e3b0c44298fc1c149afbf4c8996fb92427ae41e4649b934ca495991b7852b855.css?body=1" for 127.0.0.1 at 2016-03-11 07:18:27 -0500


Started GET "/assets/scaffolds.self-a023b2906290fd18328c79a043cacd13abc22b08f90ccf6ca5e43d8237abaee1.css?body=1" for 127.0.0.1 at 2016-03-11 07:18:27 -0500


Started GET "/assets/application.self-32d1e418050889e10fb482e154bc37f6990eddf251b239511e4c04f744384785.css?body=1" for 127.0.0.1 at 2016-03-11 07:18:27 -0500


Started GET "/assets/instructors.self-877aef30ae1b040ab8a3aba4e3e309a11d7f2612f44dde450b5c157aa5f95c05.js?body=1" for 127.0.0.1 at 2016-03-11 07:18:27 -0500


Started GET "/assets/subjects.self-877aef30ae1b040ab8a3aba4e3e309a11d7f2612f44dde450b5c157aa5f95c05.js?body=1" for 127.0.0.1 at 2016-03-11 07:18:27 -0500


Started GET "/assets/home.self-877aef30ae1b040ab8a3aba4e3e309a11d7f2612f44dde450b5c157aa5f95c05.js?body=1" for 127.0.0.1 at 2016-03-11 07:18:27 -0500


Started GET "/assets/welcome.self-877aef30ae1b040ab8a3aba4e3e309a11d7f2612f44dde450b5c157aa5f95c05.js?body=1" for 127.0.0.1 at 2016-03-11 07:18:27 -0500


Started GET "/assets/jquery.self-c64a74367bda6ef8b860f19e74df08927ca99d2be2ac934e9e92d5fd361e0da4.js?body=1" for 127.0.0.1 at 2016-03-11 07:18:27 -0500


Started GET "/assets/jquery.turbolinks.self-176b9819f30444d441e820bbccd3264fe57753aeafd54dec732b0dbc77129a2a.js?body=1" for 127.0.0.1 at 2016-03-11 07:18:27 -0500


Started GET "/assets/jquery_ujs.self-d602bdfe68ffc63b9f9cc512872aa3cfff046228a0a36e90dd476e8ef54c1b09.js?body=1" for 127.0.0.1 at 2016-03-11 07:18:27 -0500


Started GET "/assets/bootstrap/dropdown.self-e56c2ffee4618411d43ecf15c89273f6223847ad756e1cd17545d04afa732ed4.js?body=1" for 127.0.0.1 at 2016-03-11 07:18:27 -0500


Started GET "/assets/application.self-7862a8a8b42407b4741a1adeeea35f0d13ddc4f702ec532adb0674491d296495.js?body=1" for 127.0.0.1 at 2016-03-11 07:18:27 -0500


Started GET "/assets/turbolinks.self-c37727e9bd6b2735da5c311aa83fead54ed0be6cc8bd9a65309e9c5abe2cbfff.js?body=1" for 127.0.0.1 at 2016-03-11 07:18:28 -0500


Started GET "/" for 127.0.0.1 at 2016-03-11 07:18:46 -0500
Processing by HomeController#index as HTML
  [1m[36mUser Load (0.2ms)[0m  [1mSELECT  "users".* FROM "users" WHERE "users"."id" = ?  ORDER BY "users"."id" ASC LIMIT 1[0m  [["id", 1]]
  Rendered home/index.html.erb within layouts/application (0.7ms)
Completed 200 OK in 152ms (Views: 145.9ms | ActiveRecord: 0.2ms)


Started GET "/assets/home.self-e3b0c44298fc1c149afbf4c8996fb92427ae41e4649b934ca495991b7852b855.css?body=1" for 127.0.0.1 at 2016-03-11 07:18:46 -0500


Started GET "/assets/instructors.self-e3b0c44298fc1c149afbf4c8996fb92427ae41e4649b934ca495991b7852b855.css?body=1" for 127.0.0.1 at 2016-03-11 07:18:46 -0500


Started GET "/assets/subjects.self-e3b0c44298fc1c149afbf4c8996fb92427ae41e4649b934ca495991b7852b855.css?body=1" for 127.0.0.1 at 2016-03-11 07:18:46 -0500


Started GET "/assets/scaffolds.self-a023b2906290fd18328c79a043cacd13abc22b08f90ccf6ca5e43d8237abaee1.css?body=1" for 127.0.0.1 at 2016-03-11 07:18:46 -0500


Started GET "/assets/welcome.self-e3b0c44298fc1c149afbf4c8996fb92427ae41e4649b934ca495991b7852b855.css?body=1" for 127.0.0.1 at 2016-03-11 07:18:46 -0500


Started GET "/assets/home.self-877aef30ae1b040ab8a3aba4e3e309a11d7f2612f44dde450b5c157aa5f95c05.js?body=1" for 127.0.0.1 at 2016-03-11 07:18:46 -0500


Started GET "/assets/application.self-32d1e418050889e10fb482e154bc37f6990eddf251b239511e4c04f744384785.css?body=1" for 127.0.0.1 at 2016-03-11 07:18:46 -0500


Started GET "/assets/courses.self-e3b0c44298fc1c149afbf4c8996fb92427ae41e4649b934ca495991b7852b855.css?body=1" for 127.0.0.1 at 2016-03-11 07:18:46 -0500


Started GET "/assets/courses.self-877aef30ae1b040ab8a3aba4e3e309a11d7f2612f44dde450b5c157aa5f95c05.js?body=1" for 127.0.0.1 at 2016-03-11 07:18:46 -0500


Started GET "/assets/instructors.self-877aef30ae1b040ab8a3aba4e3e309a11d7f2612f44dde450b5c157aa5f95c05.js?body=1" for 127.0.0.1 at 2016-03-11 07:18:46 -0500


Started GET "/assets/subjects.self-877aef30ae1b040ab8a3aba4e3e309a11d7f2612f44dde450b5c157aa5f95c05.js?body=1" for 127.0.0.1 at 2016-03-11 07:18:46 -0500


Started GET "/assets/welcome.self-877aef30ae1b040ab8a3aba4e3e309a11d7f2612f44dde450b5c157aa5f95c05.js?body=1" for 127.0.0.1 at 2016-03-11 07:18:46 -0500


Started GET "/assets/jquery.self-c64a74367bda6ef8b860f19e74df08927ca99d2be2ac934e9e92d5fd361e0da4.js?body=1" for 127.0.0.1 at 2016-03-11 07:18:46 -0500


Started GET "/assets/jquery_ujs.self-d602bdfe68ffc63b9f9cc512872aa3cfff046228a0a36e90dd476e8ef54c1b09.js?body=1" for 127.0.0.1 at 2016-03-11 07:18:46 -0500


Started GET "/assets/jquery.turbolinks.self-176b9819f30444d441e820bbccd3264fe57753aeafd54dec732b0dbc77129a2a.js?body=1" for 127.0.0.1 at 2016-03-11 07:18:46 -0500


Started GET "/assets/bootstrap/dropdown.self-e56c2ffee4618411d43ecf15c89273f6223847ad756e1cd17545d04afa732ed4.js?body=1" for 127.0.0.1 at 2016-03-11 07:18:46 -0500


Started GET "/assets/turbolinks.self-c37727e9bd6b2735da5c311aa83fead54ed0be6cc8bd9a65309e9c5abe2cbfff.js?body=1" for 127.0.0.1 at 2016-03-11 07:18:46 -0500


Started GET "/assets/application.self-7862a8a8b42407b4741a1adeeea35f0d13ddc4f702ec532adb0674491d296495.js?body=1" for 127.0.0.1 at 2016-03-11 07:18:46 -0500


Started GET "/" for 127.0.0.1 at 2016-03-11 07:19:48 -0500
Processing by HomeController#index as HTML
  [1m[35mUser Load (0.1ms)[0m  SELECT  "users".* FROM "users" WHERE "users"."id" = ?  ORDER BY "users"."id" ASC LIMIT 1  [["id", 1]]
  Rendered home/index.html.erb within layouts/application (1.0ms)
Completed 200 OK in 63ms (Views: 61.1ms | ActiveRecord: 0.1ms)


Started GET "/assets/courses.self-e3b0c44298fc1c149afbf4c8996fb92427ae41e4649b934ca495991b7852b855.css?body=1" for 127.0.0.1 at 2016-03-11 07:19:48 -0500


Started GET "/assets/subjects.self-e3b0c44298fc1c149afbf4c8996fb92427ae41e4649b934ca495991b7852b855.css?body=1" for 127.0.0.1 at 2016-03-11 07:19:48 -0500


Started GET "/assets/home.self-e3b0c44298fc1c149afbf4c8996fb92427ae41e4649b934ca495991b7852b855.css?body=1" for 127.0.0.1 at 2016-03-11 07:19:48 -0500


Started GET "/assets/welcome.self-e3b0c44298fc1c149afbf4c8996fb92427ae41e4649b934ca495991b7852b855.css?body=1" for 127.0.0.1 at 2016-03-11 07:19:48 -0500


Started GET "/assets/scaffolds.self-a023b2906290fd18328c79a043cacd13abc22b08f90ccf6ca5e43d8237abaee1.css?body=1" for 127.0.0.1 at 2016-03-11 07:19:48 -0500


Started GET "/assets/instructors.self-e3b0c44298fc1c149afbf4c8996fb92427ae41e4649b934ca495991b7852b855.css?body=1" for 127.0.0.1 at 2016-03-11 07:19:48 -0500


Started GET "/assets/application.self-32d1e418050889e10fb482e154bc37f6990eddf251b239511e4c04f744384785.css?body=1" for 127.0.0.1 at 2016-03-11 07:19:48 -0500


Started GET "/assets/courses.self-877aef30ae1b040ab8a3aba4e3e309a11d7f2612f44dde450b5c157aa5f95c05.js?body=1" for 127.0.0.1 at 2016-03-11 07:19:48 -0500


Started GET "/assets/home.self-877aef30ae1b040ab8a3aba4e3e309a11d7f2612f44dde450b5c157aa5f95c05.js?body=1" for 127.0.0.1 at 2016-03-11 07:19:48 -0500


Started GET "/assets/instructors.self-877aef30ae1b040ab8a3aba4e3e309a11d7f2612f44dde450b5c157aa5f95c05.js?body=1" for 127.0.0.1 at 2016-03-11 07:19:48 -0500


Started GET "/assets/subjects.self-877aef30ae1b040ab8a3aba4e3e309a11d7f2612f44dde450b5c157aa5f95c05.js?body=1" for 127.0.0.1 at 2016-03-11 07:19:48 -0500


Started GET "/assets/welcome.self-877aef30ae1b040ab8a3aba4e3e309a11d7f2612f44dde450b5c157aa5f95c05.js?body=1" for 127.0.0.1 at 2016-03-11 07:19:48 -0500


Started GET "/assets/jquery.self-c64a74367bda6ef8b860f19e74df08927ca99d2be2ac934e9e92d5fd361e0da4.js?body=1" for 127.0.0.1 at 2016-03-11 07:19:48 -0500


Started GET "/assets/bootstrap/dropdown.self-e56c2ffee4618411d43ecf15c89273f6223847ad756e1cd17545d04afa732ed4.js?body=1" for 127.0.0.1 at 2016-03-11 07:19:48 -0500


Started GET "/assets/jquery_ujs.self-d602bdfe68ffc63b9f9cc512872aa3cfff046228a0a36e90dd476e8ef54c1b09.js?body=1" for 127.0.0.1 at 2016-03-11 07:19:48 -0500


Started GET "/assets/jquery.turbolinks.self-176b9819f30444d441e820bbccd3264fe57753aeafd54dec732b0dbc77129a2a.js?body=1" for 127.0.0.1 at 2016-03-11 07:19:48 -0500


Started GET "/assets/turbolinks.self-c37727e9bd6b2735da5c311aa83fead54ed0be6cc8bd9a65309e9c5abe2cbfff.js?body=1" for 127.0.0.1 at 2016-03-11 07:19:48 -0500


Started GET "/assets/application.self-7862a8a8b42407b4741a1adeeea35f0d13ddc4f702ec532adb0674491d296495.js?body=1" for 127.0.0.1 at 2016-03-11 07:19:48 -0500


Started GET "/" for 127.0.0.1 at 2016-03-11 07:20:28 -0500
Processing by HomeController#index as HTML
  [1m[36mUser Load (0.1ms)[0m  [1mSELECT  "users".* FROM "users" WHERE "users"."id" = ?  ORDER BY "users"."id" ASC LIMIT 1[0m  [["id", 1]]
  Rendered home/index.html.erb within layouts/application (0.7ms)
Completed 200 OK in 48ms (Views: 46.5ms | ActiveRecord: 0.1ms)


Started GET "/assets/courses.self-e3b0c44298fc1c149afbf4c8996fb92427ae41e4649b934ca495991b7852b855.css?body=1" for 127.0.0.1 at 2016-03-11 07:20:28 -0500


Started GET "/assets/home.self-e3b0c44298fc1c149afbf4c8996fb92427ae41e4649b934ca495991b7852b855.css?body=1" for 127.0.0.1 at 2016-03-11 07:20:28 -0500


Started GET "/assets/instructors.self-e3b0c44298fc1c149afbf4c8996fb92427ae41e4649b934ca495991b7852b855.css?body=1" for 127.0.0.1 at 2016-03-11 07:20:28 -0500


Started GET "/assets/scaffolds.self-a023b2906290fd18328c79a043cacd13abc22b08f90ccf6ca5e43d8237abaee1.css?body=1" for 127.0.0.1 at 2016-03-11 07:20:28 -0500


Started GET "/assets/welcome.self-e3b0c44298fc1c149afbf4c8996fb92427ae41e4649b934ca495991b7852b855.css?body=1" for 127.0.0.1 at 2016-03-11 07:20:28 -0500


Started GET "/assets/subjects.self-e3b0c44298fc1c149afbf4c8996fb92427ae41e4649b934ca495991b7852b855.css?body=1" for 127.0.0.1 at 2016-03-11 07:20:28 -0500


Started GET "/assets/application.self-32d1e418050889e10fb482e154bc37f6990eddf251b239511e4c04f744384785.css?body=1" for 127.0.0.1 at 2016-03-11 07:20:28 -0500


Started GET "/assets/courses.self-877aef30ae1b040ab8a3aba4e3e309a11d7f2612f44dde450b5c157aa5f95c05.js?body=1" for 127.0.0.1 at 2016-03-11 07:20:28 -0500


Started GET "/assets/home.self-877aef30ae1b040ab8a3aba4e3e309a11d7f2612f44dde450b5c157aa5f95c05.js?body=1" for 127.0.0.1 at 2016-03-11 07:20:28 -0500


Started GET "/assets/jquery.self-c64a74367bda6ef8b860f19e74df08927ca99d2be2ac934e9e92d5fd361e0da4.js?body=1" for 127.0.0.1 at 2016-03-11 07:20:28 -0500


Started GET "/assets/jquery.turbolinks.self-176b9819f30444d441e820bbccd3264fe57753aeafd54dec732b0dbc77129a2a.js?body=1" for 127.0.0.1 at 2016-03-11 07:20:28 -0500


Started GET "/assets/subjects.self-877aef30ae1b040ab8a3aba4e3e309a11d7f2612f44dde450b5c157aa5f95c05.js?body=1" for 127.0.0.1 at 2016-03-11 07:20:28 -0500


Started GET "/assets/welcome.self-877aef30ae1b040ab8a3aba4e3e309a11d7f2612f44dde450b5c157aa5f95c05.js?body=1" for 127.0.0.1 at 2016-03-11 07:20:28 -0500


Started GET "/assets/instructors.self-877aef30ae1b040ab8a3aba4e3e309a11d7f2612f44dde450b5c157aa5f95c05.js?body=1" for 127.0.0.1 at 2016-03-11 07:20:28 -0500


Started GET "/assets/bootstrap/dropdown.self-e56c2ffee4618411d43ecf15c89273f6223847ad756e1cd17545d04afa732ed4.js?body=1" for 127.0.0.1 at 2016-03-11 07:20:28 -0500


Started GET "/assets/turbolinks.self-c37727e9bd6b2735da5c311aa83fead54ed0be6cc8bd9a65309e9c5abe2cbfff.js?body=1" for 127.0.0.1 at 2016-03-11 07:20:28 -0500


Started GET "/assets/jquery_ujs.self-d602bdfe68ffc63b9f9cc512872aa3cfff046228a0a36e90dd476e8ef54c1b09.js?body=1" for 127.0.0.1 at 2016-03-11 07:20:28 -0500


Started GET "/assets/application.self-7862a8a8b42407b4741a1adeeea35f0d13ddc4f702ec532adb0674491d296495.js?body=1" for 127.0.0.1 at 2016-03-11 07:20:28 -0500


Started GET "/" for 127.0.0.1 at 2016-03-11 07:23:51 -0500
Processing by HomeController#index as HTML
  [1m[35mUser Load (0.1ms)[0m  SELECT  "users".* FROM "users" WHERE "users"."id" = ?  ORDER BY "users"."id" ASC LIMIT 1  [["id", 1]]
  Rendered home/index.html.erb within layouts/application (0.8ms)
Completed 200 OK in 127ms (Views: 124.9ms | ActiveRecord: 0.1ms)


Started GET "/assets/courses.self-e3b0c44298fc1c149afbf4c8996fb92427ae41e4649b934ca495991b7852b855.css?body=1" for 127.0.0.1 at 2016-03-11 07:23:51 -0500


Started GET "/assets/instructors.self-e3b0c44298fc1c149afbf4c8996fb92427ae41e4649b934ca495991b7852b855.css?body=1" for 127.0.0.1 at 2016-03-11 07:23:51 -0500


Started GET "/assets/home.self-e3b0c44298fc1c149afbf4c8996fb92427ae41e4649b934ca495991b7852b855.css?body=1" for 127.0.0.1 at 2016-03-11 07:23:51 -0500


Started GET "/assets/welcome.self-e3b0c44298fc1c149afbf4c8996fb92427ae41e4649b934ca495991b7852b855.css?body=1" for 127.0.0.1 at 2016-03-11 07:23:51 -0500


Started GET "/assets/scaffolds.self-a023b2906290fd18328c79a043cacd13abc22b08f90ccf6ca5e43d8237abaee1.css?body=1" for 127.0.0.1 at 2016-03-11 07:23:51 -0500


Started GET "/assets/subjects.self-e3b0c44298fc1c149afbf4c8996fb92427ae41e4649b934ca495991b7852b855.css?body=1" for 127.0.0.1 at 2016-03-11 07:23:51 -0500


Started GET "/assets/application.self-32d1e418050889e10fb482e154bc37f6990eddf251b239511e4c04f744384785.css?body=1" for 127.0.0.1 at 2016-03-11 07:23:51 -0500


Started GET "/assets/courses.self-877aef30ae1b040ab8a3aba4e3e309a11d7f2612f44dde450b5c157aa5f95c05.js?body=1" for 127.0.0.1 at 2016-03-11 07:23:51 -0500


Started GET "/assets/home.self-877aef30ae1b040ab8a3aba4e3e309a11d7f2612f44dde450b5c157aa5f95c05.js?body=1" for 127.0.0.1 at 2016-03-11 07:23:51 -0500


Started GET "/assets/instructors.self-877aef30ae1b040ab8a3aba4e3e309a11d7f2612f44dde450b5c157aa5f95c05.js?body=1" for 127.0.0.1 at 2016-03-11 07:23:51 -0500


Started GET "/assets/welcome.self-877aef30ae1b040ab8a3aba4e3e309a11d7f2612f44dde450b5c157aa5f95c05.js?body=1" for 127.0.0.1 at 2016-03-11 07:23:51 -0500


Started GET "/assets/subjects.self-877aef30ae1b040ab8a3aba4e3e309a11d7f2612f44dde450b5c157aa5f95c05.js?body=1" for 127.0.0.1 at 2016-03-11 07:23:51 -0500


Started GET "/assets/jquery.turbolinks.self-176b9819f30444d441e820bbccd3264fe57753aeafd54dec732b0dbc77129a2a.js?body=1" for 127.0.0.1 at 2016-03-11 07:23:51 -0500


Started GET "/assets/jquery.self-c64a74367bda6ef8b860f19e74df08927ca99d2be2ac934e9e92d5fd361e0da4.js?body=1" for 127.0.0.1 at 2016-03-11 07:23:51 -0500


Started GET "/assets/bootstrap/dropdown.self-e56c2ffee4618411d43ecf15c89273f6223847ad756e1cd17545d04afa732ed4.js?body=1" for 127.0.0.1 at 2016-03-11 07:23:51 -0500


Started GET "/assets/jquery_ujs.self-d602bdfe68ffc63b9f9cc512872aa3cfff046228a0a36e90dd476e8ef54c1b09.js?body=1" for 127.0.0.1 at 2016-03-11 07:23:51 -0500


Started GET "/assets/turbolinks.self-c37727e9bd6b2735da5c311aa83fead54ed0be6cc8bd9a65309e9c5abe2cbfff.js?body=1" for 127.0.0.1 at 2016-03-11 07:23:51 -0500


Started GET "/assets/application.self-7862a8a8b42407b4741a1adeeea35f0d13ddc4f702ec532adb0674491d296495.js?body=1" for 127.0.0.1 at 2016-03-11 07:23:51 -0500


Started GET "/" for 127.0.0.1 at 2016-03-11 07:24:30 -0500
Processing by HomeController#index as HTML
  [1m[36mUser Load (0.2ms)[0m  [1mSELECT  "users".* FROM "users" WHERE "users"."id" = ?  ORDER BY "users"."id" ASC LIMIT 1[0m  [["id", 1]]
  Rendered home/index.html.erb within layouts/application (0.7ms)
Completed 200 OK in 55ms (Views: 50.9ms | ActiveRecord: 0.2ms)


Started GET "/assets/courses.self-e3b0c44298fc1c149afbf4c8996fb92427ae41e4649b934ca495991b7852b855.css?body=1" for 127.0.0.1 at 2016-03-11 07:24:30 -0500


Started GET "/assets/home.self-e3b0c44298fc1c149afbf4c8996fb92427ae41e4649b934ca495991b7852b855.css?body=1" for 127.0.0.1 at 2016-03-11 07:24:30 -0500


Started GET "/assets/instructors.self-e3b0c44298fc1c149afbf4c8996fb92427ae41e4649b934ca495991b7852b855.css?body=1" for 127.0.0.1 at 2016-03-11 07:24:31 -0500


Started GET "/assets/scaffolds.self-a023b2906290fd18328c79a043cacd13abc22b08f90ccf6ca5e43d8237abaee1.css?body=1" for 127.0.0.1 at 2016-03-11 07:24:31 -0500


Started GET "/assets/subjects.self-e3b0c44298fc1c149afbf4c8996fb92427ae41e4649b934ca495991b7852b855.css?body=1" for 127.0.0.1 at 2016-03-11 07:24:31 -0500


Started GET "/assets/welcome.self-e3b0c44298fc1c149afbf4c8996fb92427ae41e4649b934ca495991b7852b855.css?body=1" for 127.0.0.1 at 2016-03-11 07:24:31 -0500


Started GET "/assets/courses.self-877aef30ae1b040ab8a3aba4e3e309a11d7f2612f44dde450b5c157aa5f95c05.js?body=1" for 127.0.0.1 at 2016-03-11 07:24:31 -0500


Started GET "/assets/home.self-877aef30ae1b040ab8a3aba4e3e309a11d7f2612f44dde450b5c157aa5f95c05.js?body=1" for 127.0.0.1 at 2016-03-11 07:24:31 -0500


Started GET "/assets/instructors.self-877aef30ae1b040ab8a3aba4e3e309a11d7f2612f44dde450b5c157aa5f95c05.js?body=1" for 127.0.0.1 at 2016-03-11 07:24:31 -0500


Started GET "/assets/application.self-32d1e418050889e10fb482e154bc37f6990eddf251b239511e4c04f744384785.css?body=1" for 127.0.0.1 at 2016-03-11 07:24:31 -0500


Started GET "/assets/subjects.self-877aef30ae1b040ab8a3aba4e3e309a11d7f2612f44dde450b5c157aa5f95c05.js?body=1" for 127.0.0.1 at 2016-03-11 07:24:31 -0500


Started GET "/assets/welcome.self-877aef30ae1b040ab8a3aba4e3e309a11d7f2612f44dde450b5c157aa5f95c05.js?body=1" for 127.0.0.1 at 2016-03-11 07:24:31 -0500


Started GET "/assets/jquery.turbolinks.self-176b9819f30444d441e820bbccd3264fe57753aeafd54dec732b0dbc77129a2a.js?body=1" for 127.0.0.1 at 2016-03-11 07:24:31 -0500


Started GET "/assets/jquery.self-c64a74367bda6ef8b860f19e74df08927ca99d2be2ac934e9e92d5fd361e0da4.js?body=1" for 127.0.0.1 at 2016-03-11 07:24:31 -0500


Started GET "/assets/jquery_ujs.self-d602bdfe68ffc63b9f9cc512872aa3cfff046228a0a36e90dd476e8ef54c1b09.js?body=1" for 127.0.0.1 at 2016-03-11 07:24:31 -0500


Started GET "/assets/bootstrap/dropdown.self-e56c2ffee4618411d43ecf15c89273f6223847ad756e1cd17545d04afa732ed4.js?body=1" for 127.0.0.1 at 2016-03-11 07:24:31 -0500


Started GET "/assets/turbolinks.self-c37727e9bd6b2735da5c311aa83fead54ed0be6cc8bd9a65309e9c5abe2cbfff.js?body=1" for 127.0.0.1 at 2016-03-11 07:24:31 -0500


Started GET "/assets/application.self-7862a8a8b42407b4741a1adeeea35f0d13ddc4f702ec532adb0674491d296495.js?body=1" for 127.0.0.1 at 2016-03-11 07:24:31 -0500


Started GET "/" for 127.0.0.1 at 2016-03-11 07:24:54 -0500
Processing by HomeController#index as HTML
  [1m[35mUser Load (0.2ms)[0m  SELECT  "users".* FROM "users" WHERE "users"."id" = ?  ORDER BY "users"."id" ASC LIMIT 1  [["id", 1]]
  Rendered home/index.html.erb within layouts/application (0.8ms)
Completed 200 OK in 51ms (Views: 48.7ms | ActiveRecord: 0.2ms)


Started GET "/" for 127.0.0.1 at 2016-03-11 07:26:10 -0500
Processing by HomeController#index as HTML
  [1m[36mUser Load (0.1ms)[0m  [1mSELECT  "users".* FROM "users" WHERE "users"."id" = ?  ORDER BY "users"."id" ASC LIMIT 1[0m  [["id", 1]]
  Rendered home/index.html.erb within layouts/application (0.8ms)
Completed 200 OK in 56ms (Views: 54.6ms | ActiveRecord: 0.1ms)


Started GET "/assets/courses.self-e3b0c44298fc1c149afbf4c8996fb92427ae41e4649b934ca495991b7852b855.css?body=1" for 127.0.0.1 at 2016-03-11 07:26:11 -0500


Started GET "/assets/home.self-e3b0c44298fc1c149afbf4c8996fb92427ae41e4649b934ca495991b7852b855.css?body=1" for 127.0.0.1 at 2016-03-11 07:26:11 -0500


Started GET "/assets/application.self-32d1e418050889e10fb482e154bc37f6990eddf251b239511e4c04f744384785.css?body=1" for 127.0.0.1 at 2016-03-11 07:26:11 -0500


Started GET "/assets/instructors.self-e3b0c44298fc1c149afbf4c8996fb92427ae41e4649b934ca495991b7852b855.css?body=1" for 127.0.0.1 at 2016-03-11 07:26:11 -0500


Started GET "/assets/courses.self-877aef30ae1b040ab8a3aba4e3e309a11d7f2612f44dde450b5c157aa5f95c05.js?body=1" for 127.0.0.1 at 2016-03-11 07:26:11 -0500


Started GET "/assets/welcome.self-e3b0c44298fc1c149afbf4c8996fb92427ae41e4649b934ca495991b7852b855.css?body=1" for 127.0.0.1 at 2016-03-11 07:26:11 -0500


Started GET "/assets/scaffolds.self-a023b2906290fd18328c79a043cacd13abc22b08f90ccf6ca5e43d8237abaee1.css?body=1" for 127.0.0.1 at 2016-03-11 07:26:11 -0500


Started GET "/assets/subjects.self-e3b0c44298fc1c149afbf4c8996fb92427ae41e4649b934ca495991b7852b855.css?body=1" for 127.0.0.1 at 2016-03-11 07:26:11 -0500


Started GET "/assets/home.self-877aef30ae1b040ab8a3aba4e3e309a11d7f2612f44dde450b5c157aa5f95c05.js?body=1" for 127.0.0.1 at 2016-03-11 07:26:11 -0500


Started GET "/assets/instructors.self-877aef30ae1b040ab8a3aba4e3e309a11d7f2612f44dde450b5c157aa5f95c05.js?body=1" for 127.0.0.1 at 2016-03-11 07:26:11 -0500


Started GET "/assets/subjects.self-877aef30ae1b040ab8a3aba4e3e309a11d7f2612f44dde450b5c157aa5f95c05.js?body=1" for 127.0.0.1 at 2016-03-11 07:26:11 -0500


Started GET "/assets/jquery.turbolinks.self-176b9819f30444d441e820bbccd3264fe57753aeafd54dec732b0dbc77129a2a.js?body=1" for 127.0.0.1 at 2016-03-11 07:26:11 -0500


Started GET "/assets/welcome.self-877aef30ae1b040ab8a3aba4e3e309a11d7f2612f44dde450b5c157aa5f95c05.js?body=1" for 127.0.0.1 at 2016-03-11 07:26:11 -0500


Started GET "/assets/bootstrap/dropdown.self-e56c2ffee4618411d43ecf15c89273f6223847ad756e1cd17545d04afa732ed4.js?body=1" for 127.0.0.1 at 2016-03-11 07:26:11 -0500


Started GET "/assets/jquery_ujs.self-d602bdfe68ffc63b9f9cc512872aa3cfff046228a0a36e90dd476e8ef54c1b09.js?body=1" for 127.0.0.1 at 2016-03-11 07:26:11 -0500


Started GET "/assets/jquery.self-c64a74367bda6ef8b860f19e74df08927ca99d2be2ac934e9e92d5fd361e0da4.js?body=1" for 127.0.0.1 at 2016-03-11 07:26:11 -0500


Started GET "/assets/turbolinks.self-c37727e9bd6b2735da5c311aa83fead54ed0be6cc8bd9a65309e9c5abe2cbfff.js?body=1" for 127.0.0.1 at 2016-03-11 07:26:11 -0500


Started GET "/assets/application.self-7862a8a8b42407b4741a1adeeea35f0d13ddc4f702ec532adb0674491d296495.js?body=1" for 127.0.0.1 at 2016-03-11 07:26:11 -0500
